[2021-12-23 12:58:16] Message error: include(404.html): failed to open stream: No such file or directory | File: C:\xampp\htdocs\Gallery\vendor\core\Router.php | Line: 105
==================
[2021-12-23 12:58:16] Message error: require(): Failed opening required 'WWWW/errors/dev.php' (include_path='C:\xampp\php\PEAR') | File: C:\xampp\htdocs\Gallery\vendor\core\ErrorHandler.php | Line: 63
==================
[2021-12-23 13:01:34] Message error: include(404.html): failed to open stream: No such file or directory | File: C:\xampp\htdocs\Gallery\vendor\core\Router.php | Line: 105
==================
[2021-12-23 13:01:34] Message error: require(): Failed opening required 'WWWW/errors/dev.php' (include_path='C:\xampp\php\PEAR') | File: C:\xampp\htdocs\Gallery\vendor\core\ErrorHandler.php | Line: 67
==================
[2021-12-23 13:04:07] Message error: include(404.html): failed to open stream: No such file or directory | File: C:\xampp\htdocs\Gallery\vendor\core\Router.php | Line: 105
==================
[2021-12-23 13:04:07] Message error: require(): Failed opening required 'WWWW/errors/dev.php' (include_path='C:\xampp\php\PEAR') | File: C:\xampp\htdocs\Gallery\vendor\core\ErrorHandler.php | Line: 63
==================
[2021-12-23 13:12:20] Message error: Uncaught TypeError: Argument 1 passed to vendor\core\ErrorHandler::exceptionHandler() must be an instance of vendor\core\Exception, instance of Error given in C:\xampp\htdocs\Gallery\vendor\core\ErrorHandler.php:30
Stack trace:
#0 [internal function]: vendor\core\ErrorHandler->exceptionHandler(Object(Error))
#1 {main}
  thrown | File: C:\xampp\htdocs\Gallery\vendor\core\ErrorHandler.php | Line: 30
==================
[2021-12-23 13:12:20] Message error: Use of undefined constant WWWW - assumed 'WWWW' (this will throw an Error in a future version of PHP) | File: C:\xampp\htdocs\Gallery\vendor\core\ErrorHandler.php | Line: 63
==================
[2021-12-23 13:13:05] Message error: Uncaught TypeError: Argument 1 passed to vendor\core\ErrorHandler::exceptionHandler() must be an instance of vendor\core\Exception, instance of Error given in C:\xampp\htdocs\Gallery\vendor\core\ErrorHandler.php:30
Stack trace:
#0 [internal function]: vendor\core\ErrorHandler->exceptionHandler(Object(Error))
#1 {main}
  thrown | File: C:\xampp\htdocs\Gallery\vendor\core\ErrorHandler.php | Line: 30
==================
[2021-12-23 13:13:05] Message error: Use of undefined constant WWWW - assumed 'WWWW' (this will throw an Error in a future version of PHP) | File: C:\xampp\htdocs\Gallery\vendor\core\ErrorHandler.php | Line: 63
==================
[2021-12-23 13:13:05] Message error: Uncaught TypeError: Argument 1 passed to vendor\core\ErrorHandler::exceptionHandler() must be an instance of vendor\core\Exception, instance of Error given in C:\xampp\htdocs\Gallery\vendor\core\ErrorHandler.php:30
Stack trace:
#0 [internal function]: vendor\core\ErrorHandler->exceptionHandler(Object(Error))
#1 {main}
  thrown | File: C:\xampp\htdocs\Gallery\vendor\core\ErrorHandler.php | Line: 30
==================
[2021-12-23 13:13:05] Message error: Use of undefined constant WWWW - assumed 'WWWW' (this will throw an Error in a future version of PHP) | File: C:\xampp\htdocs\Gallery\vendor\core\ErrorHandler.php | Line: 63
==================
[2021-12-23 13:13:43] Message error: Uncaught TypeError: Argument 1 passed to vendor\core\ErrorHandler::exceptionHandler() must be an instance of vendor\core\Exception, instance of Error given in C:\xampp\htdocs\Gallery\vendor\core\ErrorHandler.php:30
Stack trace:
#0 [internal function]: vendor\core\ErrorHandler->exceptionHandler(Object(Error))
#1 {main}
  thrown | File: C:\xampp\htdocs\Gallery\vendor\core\ErrorHandler.php | Line: 30
==================
[2021-12-23 13:13:44] Message error: Uncaught TypeError: Argument 1 passed to vendor\core\ErrorHandler::exceptionHandler() must be an instance of vendor\core\Exception, instance of Error given in C:\xampp\htdocs\Gallery\vendor\core\ErrorHandler.php:30
Stack trace:
#0 [internal function]: vendor\core\ErrorHandler->exceptionHandler(Object(Error))
#1 {main}
  thrown | File: C:\xampp\htdocs\Gallery\vendor\core\ErrorHandler.php | Line: 30
==================
[2021-12-23 13:20:36] Message error: Uncaught TypeError: Argument 1 passed to vendor\core\ErrorHandler::exceptionHandler() must be an instance of vendor\core\Exception, instance of Error given in C:\xampp\htdocs\Gallery\vendor\core\ErrorHandler.php:29
Stack trace:
#0 [internal function]: vendor\core\ErrorHandler->exceptionHandler(Object(Error))
#1 {main}
  thrown | File: C:\xampp\htdocs\Gallery\vendor\core\ErrorHandler.php | Line: 29
==================
[2021-12-23 13:20:37] Message error: Uncaught TypeError: Argument 1 passed to vendor\core\ErrorHandler::exceptionHandler() must be an instance of vendor\core\Exception, instance of Error given in C:\xampp\htdocs\Gallery\vendor\core\ErrorHandler.php:29
Stack trace:
#0 [internal function]: vendor\core\ErrorHandler->exceptionHandler(Object(Error))
#1 {main}
  thrown | File: C:\xampp\htdocs\Gallery\vendor\core\ErrorHandler.php | Line: 29
==================
[2021-12-23 13:22:12] Message error: Uncaught TypeError: Argument 1 passed to vendor\core\ErrorHandler::exceptionHandler() must be an instance of vendor\core\Exception, instance of Error given in C:\xampp\htdocs\Gallery\vendor\core\ErrorHandler.php:29
Stack trace:
#0 [internal function]: vendor\core\ErrorHandler->exceptionHandler(Object(Error))
#1 {main}
  thrown | File: C:\xampp\htdocs\Gallery\vendor\core\ErrorHandler.php | Line: 29
==================
[2021-12-23 13:22:12] Message error: Uncaught TypeError: Argument 1 passed to vendor\core\ErrorHandler::exceptionHandler() must be an instance of vendor\core\Exception, instance of Error given in C:\xampp\htdocs\Gallery\vendor\core\ErrorHandler.php:29
Stack trace:
#0 [internal function]: vendor\core\ErrorHandler->exceptionHandler(Object(Error))
#1 {main}
  thrown | File: C:\xampp\htdocs\Gallery\vendor\core\ErrorHandler.php | Line: 29
==================
[2021-12-23 13:22:13] Message error: Uncaught TypeError: Argument 1 passed to vendor\core\ErrorHandler::exceptionHandler() must be an instance of vendor\core\Exception, instance of Error given in C:\xampp\htdocs\Gallery\vendor\core\ErrorHandler.php:29
Stack trace:
#0 [internal function]: vendor\core\ErrorHandler->exceptionHandler(Object(Error))
#1 {main}
  thrown | File: C:\xampp\htdocs\Gallery\vendor\core\ErrorHandler.php | Line: 29
==================
[2021-12-23 13:22:13] Message error: Uncaught TypeError: Argument 1 passed to vendor\core\ErrorHandler::exceptionHandler() must be an instance of vendor\core\Exception, instance of Error given in C:\xampp\htdocs\Gallery\vendor\core\ErrorHandler.php:29
Stack trace:
#0 [internal function]: vendor\core\ErrorHandler->exceptionHandler(Object(Error))
#1 {main}
  thrown | File: C:\xampp\htdocs\Gallery\vendor\core\ErrorHandler.php | Line: 29
==================
[2021-12-23 13:22:14] Message error: Uncaught TypeError: Argument 1 passed to vendor\core\ErrorHandler::exceptionHandler() must be an instance of vendor\core\Exception, instance of Error given in C:\xampp\htdocs\Gallery\vendor\core\ErrorHandler.php:29
Stack trace:
#0 [internal function]: vendor\core\ErrorHandler->exceptionHandler(Object(Error))
#1 {main}
  thrown | File: C:\xampp\htdocs\Gallery\vendor\core\ErrorHandler.php | Line: 29
==================
[2021-12-23 13:22:14] Message error: Uncaught TypeError: Argument 1 passed to vendor\core\ErrorHandler::exceptionHandler() must be an instance of vendor\core\Exception, instance of Error given in C:\xampp\htdocs\Gallery\vendor\core\ErrorHandler.php:29
Stack trace:
#0 [internal function]: vendor\core\ErrorHandler->exceptionHandler(Object(Error))
#1 {main}
  thrown | File: C:\xampp\htdocs\Gallery\vendor\core\ErrorHandler.php | Line: 29
==================
[2021-12-23 13:23:31] Message error: Uncaught TypeError: Argument 1 passed to vendor\core\ErrorHandler::exceptionHandler() must be an instance of vendor\core\Exception, instance of Error given in C:\xampp\htdocs\Gallery\vendor\core\ErrorHandler.php:29
Stack trace:
#0 [internal function]: vendor\core\ErrorHandler->exceptionHandler(Object(Error))
#1 {main}
  thrown | File: C:\xampp\htdocs\Gallery\vendor\core\ErrorHandler.php | Line: 29
==================
[2021-12-23 13:23:31] Message error: Uncaught TypeError: Argument 1 passed to vendor\core\ErrorHandler::exceptionHandler() must be an instance of vendor\core\Exception, instance of Error given in C:\xampp\htdocs\Gallery\vendor\core\ErrorHandler.php:29
Stack trace:
#0 [internal function]: vendor\core\ErrorHandler->exceptionHandler(Object(Error))
#1 {main}
  thrown | File: C:\xampp\htdocs\Gallery\vendor\core\ErrorHandler.php | Line: 29
==================
[2021-12-23 13:24:54] Message error: Uncaught TypeError: Argument 1 passed to vendor\core\ErrorHandler::exceptionHandler() must be an instance of vendor\core\Exception, instance of Error given in C:\xampp\htdocs\Gallery\vendor\core\ErrorHandler.php:28
Stack trace:
#0 [internal function]: vendor\core\ErrorHandler->exceptionHandler(Object(Error))
#1 {main}
  thrown | File: C:\xampp\htdocs\Gallery\vendor\core\ErrorHandler.php | Line: 28
==================
[2021-12-23 13:24:54] Message error: Uncaught TypeError: Argument 1 passed to vendor\core\ErrorHandler::exceptionHandler() must be an instance of vendor\core\Exception, instance of Error given in C:\xampp\htdocs\Gallery\vendor\core\ErrorHandler.php:28
Stack trace:
#0 [internal function]: vendor\core\ErrorHandler->exceptionHandler(Object(Error))
#1 {main}
  thrown | File: C:\xampp\htdocs\Gallery\vendor\core\ErrorHandler.php | Line: 28
==================
[2021-12-23 13:25:41] Message error: Uncaught TypeError: Argument 1 passed to vendor\core\ErrorHandler::exceptionHandler() must be an instance of Exception, instance of Error given in C:\xampp\htdocs\Gallery\vendor\core\ErrorHandler.php:28
Stack trace:
#0 [internal function]: vendor\core\ErrorHandler->exceptionHandler(Object(Error))
#1 {main}
  thrown | File: C:\xampp\htdocs\Gallery\vendor\core\ErrorHandler.php | Line: 28
==================
[2021-12-23 13:25:41] Message error: Uncaught TypeError: Argument 1 passed to vendor\core\ErrorHandler::exceptionHandler() must be an instance of Exception, instance of Error given in C:\xampp\htdocs\Gallery\vendor\core\ErrorHandler.php:28
Stack trace:
#0 [internal function]: vendor\core\ErrorHandler->exceptionHandler(Object(Error))
#1 {main}
  thrown | File: C:\xampp\htdocs\Gallery\vendor\core\ErrorHandler.php | Line: 28
==================
[2021-12-23 13:25:43] Message error: Uncaught TypeError: Argument 1 passed to vendor\core\ErrorHandler::exceptionHandler() must be an instance of Exception, instance of Error given in C:\xampp\htdocs\Gallery\vendor\core\ErrorHandler.php:28
Stack trace:
#0 [internal function]: vendor\core\ErrorHandler->exceptionHandler(Object(Error))
#1 {main}
  thrown | File: C:\xampp\htdocs\Gallery\vendor\core\ErrorHandler.php | Line: 28
==================
[2021-12-23 13:25:43] Message error: Uncaught TypeError: Argument 1 passed to vendor\core\ErrorHandler::exceptionHandler() must be an instance of Exception, instance of Error given in C:\xampp\htdocs\Gallery\vendor\core\ErrorHandler.php:28
Stack trace:
#0 [internal function]: vendor\core\ErrorHandler->exceptionHandler(Object(Error))
#1 {main}
  thrown | File: C:\xampp\htdocs\Gallery\vendor\core\ErrorHandler.php | Line: 28
==================
[2021-12-23 13:27:55] Message error: Uncaught TypeError: Argument 1 passed to vendor\core\ErrorHandler::exceptionHandler() must be an instance of Exception, instance of Error given in C:\xampp\htdocs\Gallery\vendor\core\ErrorHandler.php:28
Stack trace:
#0 [internal function]: vendor\core\ErrorHandler->exceptionHandler(Object(Error))
#1 {main}
  thrown | File: C:\xampp\htdocs\Gallery\vendor\core\ErrorHandler.php | Line: 28
==================
[2021-12-23 13:27:55] Message error: Uncaught TypeError: Argument 1 passed to vendor\core\ErrorHandler::exceptionHandler() must be an instance of Exception, instance of Error given in C:\xampp\htdocs\Gallery\vendor\core\ErrorHandler.php:28
Stack trace:
#0 [internal function]: vendor\core\ErrorHandler->exceptionHandler(Object(Error))
#1 {main}
  thrown | File: C:\xampp\htdocs\Gallery\vendor\core\ErrorHandler.php | Line: 28
==================
[2021-12-23 13:30:19] Message error: Uncaught TypeError: Argument 1 passed to vendor\core\ErrorHandler::exceptionHandler() must be an instance of Exception, instance of Error given in C:\xampp\htdocs\Gallery\vendor\core\ErrorHandler.php:28
Stack trace:
#0 [internal function]: vendor\core\ErrorHandler->exceptionHandler(Object(Error))
#1 {main}
  thrown | File: C:\xampp\htdocs\Gallery\vendor\core\ErrorHandler.php | Line: 28
==================
[2021-12-23 13:30:19] Message error: Uncaught TypeError: Argument 1 passed to vendor\core\ErrorHandler::exceptionHandler() must be an instance of Exception, instance of Error given in C:\xampp\htdocs\Gallery\vendor\core\ErrorHandler.php:28
Stack trace:
#0 [internal function]: vendor\core\ErrorHandler->exceptionHandler(Object(Error))
#1 {main}
  thrown | File: C:\xampp\htdocs\Gallery\vendor\core\ErrorHandler.php | Line: 28
==================
[2021-12-23 13:30:20] Message error: Uncaught TypeError: Argument 1 passed to vendor\core\ErrorHandler::exceptionHandler() must be an instance of Exception, instance of Error given in C:\xampp\htdocs\Gallery\vendor\core\ErrorHandler.php:28
Stack trace:
#0 [internal function]: vendor\core\ErrorHandler->exceptionHandler(Object(Error))
#1 {main}
  thrown | File: C:\xampp\htdocs\Gallery\vendor\core\ErrorHandler.php | Line: 28
==================
[2021-12-23 13:30:20] Message error: Uncaught TypeError: Argument 1 passed to vendor\core\ErrorHandler::exceptionHandler() must be an instance of Exception, instance of Error given in C:\xampp\htdocs\Gallery\vendor\core\ErrorHandler.php:28
Stack trace:
#0 [internal function]: vendor\core\ErrorHandler->exceptionHandler(Object(Error))
#1 {main}
  thrown | File: C:\xampp\htdocs\Gallery\vendor\core\ErrorHandler.php | Line: 28
==================
[2021-12-23 13:30:33] Message error: Uncaught TypeError: Argument 1 passed to vendor\core\ErrorHandler::exceptionHandler() must be an instance of vendor\core\Exception, instance of Error given in C:\xampp\htdocs\Gallery\vendor\core\ErrorHandler.php:28
Stack trace:
#0 [internal function]: vendor\core\ErrorHandler->exceptionHandler(Object(Error))
#1 {main}
  thrown | File: C:\xampp\htdocs\Gallery\vendor\core\ErrorHandler.php | Line: 28
==================
[2021-12-23 13:30:33] Message error: Uncaught TypeError: Argument 1 passed to vendor\core\ErrorHandler::exceptionHandler() must be an instance of vendor\core\Exception, instance of Error given in C:\xampp\htdocs\Gallery\vendor\core\ErrorHandler.php:28
Stack trace:
#0 [internal function]: vendor\core\ErrorHandler->exceptionHandler(Object(Error))
#1 {main}
  thrown | File: C:\xampp\htdocs\Gallery\vendor\core\ErrorHandler.php | Line: 28
==================
[2021-12-23 13:30:34] Message error: Uncaught TypeError: Argument 1 passed to vendor\core\ErrorHandler::exceptionHandler() must be an instance of vendor\core\Exception, instance of Error given in C:\xampp\htdocs\Gallery\vendor\core\ErrorHandler.php:28
Stack trace:
#0 [internal function]: vendor\core\ErrorHandler->exceptionHandler(Object(Error))
#1 {main}
  thrown | File: C:\xampp\htdocs\Gallery\vendor\core\ErrorHandler.php | Line: 28
==================
[2021-12-23 13:30:34] Message error: Uncaught TypeError: Argument 1 passed to vendor\core\ErrorHandler::exceptionHandler() must be an instance of vendor\core\Exception, instance of Error given in C:\xampp\htdocs\Gallery\vendor\core\ErrorHandler.php:28
Stack trace:
#0 [internal function]: vendor\core\ErrorHandler->exceptionHandler(Object(Error))
#1 {main}
  thrown | File: C:\xampp\htdocs\Gallery\vendor\core\ErrorHandler.php | Line: 28
==================
[2021-12-23 13:30:48] Message error: Uncaught TypeError: Argument 1 passed to vendor\core\ErrorHandler::exceptionHandler() must be an instance of vendor\core\Exception, instance of Error given in C:\xampp\htdocs\Gallery\vendor\core\ErrorHandler.php:28
Stack trace:
#0 [internal function]: vendor\core\ErrorHandler->exceptionHandler(Object(Error))
#1 {main}
  thrown | File: C:\xampp\htdocs\Gallery\vendor\core\ErrorHandler.php | Line: 28
==================
[2021-12-23 13:30:51] Message error: Uncaught TypeError: Argument 1 passed to vendor\core\ErrorHandler::exceptionHandler() must be an instance of vendor\core\Exception, instance of Error given in C:\xampp\htdocs\Gallery\vendor\core\ErrorHandler.php:28
Stack trace:
#0 [internal function]: vendor\core\ErrorHandler->exceptionHandler(Object(Error))
#1 {main}
  thrown | File: C:\xampp\htdocs\Gallery\vendor\core\ErrorHandler.php | Line: 28
==================
[2021-12-23 13:30:54] Message error: Uncaught TypeError: Argument 1 passed to vendor\core\ErrorHandler::exceptionHandler() must be an instance of vendor\core\Exception, instance of Error given in C:\xampp\htdocs\Gallery\vendor\core\ErrorHandler.php:28
Stack trace:
#0 [internal function]: vendor\core\ErrorHandler->exceptionHandler(Object(Error))
#1 {main}
  thrown | File: C:\xampp\htdocs\Gallery\vendor\core\ErrorHandler.php | Line: 28
==================
[2021-12-23 13:30:55] Message error: Uncaught TypeError: Argument 1 passed to vendor\core\ErrorHandler::exceptionHandler() must be an instance of vendor\core\Exception, instance of Error given in C:\xampp\htdocs\Gallery\vendor\core\ErrorHandler.php:28
Stack trace:
#0 [internal function]: vendor\core\ErrorHandler->exceptionHandler(Object(Error))
#1 {main}
  thrown | File: C:\xampp\htdocs\Gallery\vendor\core\ErrorHandler.php | Line: 28
==================
[2021-12-23 13:32:50] Message error: Uncaught TypeError: Argument 1 passed to vendor\core\ErrorHandler::exceptionHandler() must be an instance of vendor\core\Exception, instance of Error given in C:\xampp\htdocs\Gallery\vendor\core\ErrorHandler.php:28
Stack trace:
#0 [internal function]: vendor\core\ErrorHandler->exceptionHandler(Object(Error))
#1 {main}
  thrown | File: C:\xampp\htdocs\Gallery\vendor\core\ErrorHandler.php | Line: 28
==================
[2021-12-23 13:32:50] Message error: Uncaught TypeError: Argument 1 passed to vendor\core\ErrorHandler::exceptionHandler() must be an instance of vendor\core\Exception, instance of Error given in C:\xampp\htdocs\Gallery\vendor\core\ErrorHandler.php:28
Stack trace:
#0 [internal function]: vendor\core\ErrorHandler->exceptionHandler(Object(Error))
#1 {main}
  thrown | File: C:\xampp\htdocs\Gallery\vendor\core\ErrorHandler.php | Line: 28
==================
[2021-12-23 13:34:06] Message error: Uncaught TypeError: Argument 1 passed to vendor\core\ErrorHandler::exceptionHandler() must be an instance of vendor\core\Exception, instance of Error given in C:\xampp\htdocs\Gallery\vendor\core\ErrorHandler.php:28
Stack trace:
#0 [internal function]: vendor\core\ErrorHandler->exceptionHandler(Object(Error))
#1 {main}
  thrown | File: C:\xampp\htdocs\Gallery\vendor\core\ErrorHandler.php | Line: 28
==================
[2021-12-23 13:34:06] Message error: Uncaught TypeError: Argument 1 passed to vendor\core\ErrorHandler::exceptionHandler() must be an instance of vendor\core\Exception, instance of Error given in C:\xampp\htdocs\Gallery\vendor\core\ErrorHandler.php:28
Stack trace:
#0 [internal function]: vendor\core\ErrorHandler->exceptionHandler(Object(Error))
#1 {main}
  thrown | File: C:\xampp\htdocs\Gallery\vendor\core\ErrorHandler.php | Line: 28
==================
[2021-12-23 13:34:24] Message error: Class 'vendor\core\Exception' not found | File: C:\xampp\htdocs\Gallery\vendor\core\Router.php | Line: 100
==================
[2021-12-23 13:34:24] Message error: Class 'vendor\core\Exception' not found | File: C:\xampp\htdocs\Gallery\vendor\core\Router.php | Line: 100
==================
[2021-12-23 13:35:12] Message error: Uncaught TypeError: Argument 1 passed to vendor\core\ErrorHandler::exceptionHandler() must be an instance of vendor\core\Exception, instance of Error given in C:\xampp\htdocs\Gallery\vendor\core\ErrorHandler.php:28
Stack trace:
#0 [internal function]: vendor\core\ErrorHandler->exceptionHandler(Object(Error))
#1 {main}
  thrown | File: C:\xampp\htdocs\Gallery\vendor\core\ErrorHandler.php | Line: 28
==================
[2021-12-23 13:35:12] Message error: Uncaught TypeError: Argument 1 passed to vendor\core\ErrorHandler::exceptionHandler() must be an instance of vendor\core\Exception, instance of Error given in C:\xampp\htdocs\Gallery\vendor\core\ErrorHandler.php:28
Stack trace:
#0 [internal function]: vendor\core\ErrorHandler->exceptionHandler(Object(Error))
#1 {main}
  thrown | File: C:\xampp\htdocs\Gallery\vendor\core\ErrorHandler.php | Line: 28
==================
[2021-12-23 13:36:42] Message error: Uncaught TypeError: Argument 1 passed to vendor\core\ErrorHandler::exceptionHandler() must be an instance of vendor\core\Exception, instance of Error given in C:\xampp\htdocs\Gallery\vendor\core\ErrorHandler.php:28
Stack trace:
#0 [internal function]: vendor\core\ErrorHandler->exceptionHandler(Object(Error))
#1 {main}
  thrown | File: C:\xampp\htdocs\Gallery\vendor\core\ErrorHandler.php | Line: 28
==================
[2021-12-23 13:36:42] Message error: Uncaught TypeError: Argument 1 passed to vendor\core\ErrorHandler::exceptionHandler() must be an instance of vendor\core\Exception, instance of Error given in C:\xampp\htdocs\Gallery\vendor\core\ErrorHandler.php:28
Stack trace:
#0 [internal function]: vendor\core\ErrorHandler->exceptionHandler(Object(Error))
#1 {main}
  thrown | File: C:\xampp\htdocs\Gallery\vendor\core\ErrorHandler.php | Line: 28
==================
[2021-12-23 13:36:43] Message error: Uncaught TypeError: Argument 1 passed to vendor\core\ErrorHandler::exceptionHandler() must be an instance of vendor\core\Exception, instance of Error given in C:\xampp\htdocs\Gallery\vendor\core\ErrorHandler.php:28
Stack trace:
#0 [internal function]: vendor\core\ErrorHandler->exceptionHandler(Object(Error))
#1 {main}
  thrown | File: C:\xampp\htdocs\Gallery\vendor\core\ErrorHandler.php | Line: 28
==================
[2021-12-23 13:36:43] Message error: Uncaught TypeError: Argument 1 passed to vendor\core\ErrorHandler::exceptionHandler() must be an instance of vendor\core\Exception, instance of Error given in C:\xampp\htdocs\Gallery\vendor\core\ErrorHandler.php:28
Stack trace:
#0 [internal function]: vendor\core\ErrorHandler->exceptionHandler(Object(Error))
#1 {main}
  thrown | File: C:\xampp\htdocs\Gallery\vendor\core\ErrorHandler.php | Line: 28
==================
[2021-12-23 13:38:01] Message error: Uncaught TypeError: Argument 1 passed to vendor\core\ErrorHandler::exceptionHandler() must be an instance of vendor\core\Exception, instance of Exception given in C:\xampp\htdocs\Gallery\vendor\core\ErrorHandler.php:28
Stack trace:
#0 [internal function]: vendor\core\ErrorHandler->exceptionHandler(Object(Exception))
#1 {main}
  thrown | File: C:\xampp\htdocs\Gallery\vendor\core\ErrorHandler.php | Line: 28
==================
[2021-12-23 13:38:02] Message error: Uncaught TypeError: Argument 1 passed to vendor\core\ErrorHandler::exceptionHandler() must be an instance of vendor\core\Exception, instance of Exception given in C:\xampp\htdocs\Gallery\vendor\core\ErrorHandler.php:28
Stack trace:
#0 [internal function]: vendor\core\ErrorHandler->exceptionHandler(Object(Exception))
#1 {main}
  thrown | File: C:\xampp\htdocs\Gallery\vendor\core\ErrorHandler.php | Line: 28
==================
[2021-12-23 13:38:03] Message error: Uncaught TypeError: Argument 1 passed to vendor\core\ErrorHandler::exceptionHandler() must be an instance of vendor\core\Exception, instance of Exception given in C:\xampp\htdocs\Gallery\vendor\core\ErrorHandler.php:28
Stack trace:
#0 [internal function]: vendor\core\ErrorHandler->exceptionHandler(Object(Exception))
#1 {main}
  thrown | File: C:\xampp\htdocs\Gallery\vendor\core\ErrorHandler.php | Line: 28
==================
[2021-12-23 13:38:03] Message error: Uncaught TypeError: Argument 1 passed to vendor\core\ErrorHandler::exceptionHandler() must be an instance of vendor\core\Exception, instance of Exception given in C:\xampp\htdocs\Gallery\vendor\core\ErrorHandler.php:28
Stack trace:
#0 [internal function]: vendor\core\ErrorHandler->exceptionHandler(Object(Exception))
#1 {main}
  thrown | File: C:\xampp\htdocs\Gallery\vendor\core\ErrorHandler.php | Line: 28
==================
[2021-12-23 13:38:15] Message error: Uncaught TypeError: Argument 1 passed to vendor\core\ErrorHandler::exceptionHandler() must be an instance of vendor\core\Exception, instance of Exception given in C:\xampp\htdocs\Gallery\vendor\core\ErrorHandler.php:28
Stack trace:
#0 [internal function]: vendor\core\ErrorHandler->exceptionHandler(Object(Exception))
#1 {main}
  thrown | File: C:\xampp\htdocs\Gallery\vendor\core\ErrorHandler.php | Line: 28
==================
[2021-12-23 13:38:15] Message error: Uncaught TypeError: Argument 1 passed to vendor\core\ErrorHandler::exceptionHandler() must be an instance of vendor\core\Exception, instance of Exception given in C:\xampp\htdocs\Gallery\vendor\core\ErrorHandler.php:28
Stack trace:
#0 [internal function]: vendor\core\ErrorHandler->exceptionHandler(Object(Exception))
#1 {main}
  thrown | File: C:\xampp\htdocs\Gallery\vendor\core\ErrorHandler.php | Line: 28
==================
[2021-12-23 13:38:16] Message error: Uncaught TypeError: Argument 1 passed to vendor\core\ErrorHandler::exceptionHandler() must be an instance of vendor\core\Exception, instance of Exception given in C:\xampp\htdocs\Gallery\vendor\core\ErrorHandler.php:28
Stack trace:
#0 [internal function]: vendor\core\ErrorHandler->exceptionHandler(Object(Exception))
#1 {main}
  thrown | File: C:\xampp\htdocs\Gallery\vendor\core\ErrorHandler.php | Line: 28
==================
[2021-12-23 13:38:16] Message error: Uncaught TypeError: Argument 1 passed to vendor\core\ErrorHandler::exceptionHandler() must be an instance of vendor\core\Exception, instance of Exception given in C:\xampp\htdocs\Gallery\vendor\core\ErrorHandler.php:28
Stack trace:
#0 [internal function]: vendor\core\ErrorHandler->exceptionHandler(Object(Exception))
#1 {main}
  thrown | File: C:\xampp\htdocs\Gallery\vendor\core\ErrorHandler.php | Line: 28
==================
[2021-12-23 13:38:47] Message error: Uncaught TypeError: Argument 1 passed to vendor\core\ErrorHandler::exceptionHandler() must be an instance of vendor\core\Exception, instance of Exception given in C:\xampp\htdocs\Gallery\vendor\core\ErrorHandler.php:28
Stack trace:
#0 [internal function]: vendor\core\ErrorHandler->exceptionHandler(Object(Exception))
#1 {main}
  thrown | File: C:\xampp\htdocs\Gallery\vendor\core\ErrorHandler.php | Line: 28
==================
[2021-12-23 13:38:47] Message error: Uncaught TypeError: Argument 1 passed to vendor\core\ErrorHandler::exceptionHandler() must be an instance of vendor\core\Exception, instance of Exception given in C:\xampp\htdocs\Gallery\vendor\core\ErrorHandler.php:28
Stack trace:
#0 [internal function]: vendor\core\ErrorHandler->exceptionHandler(Object(Exception))
#1 {main}
  thrown | File: C:\xampp\htdocs\Gallery\vendor\core\ErrorHandler.php | Line: 28
==================
[2021-12-23 13:38:48] Message error: Uncaught TypeError: Argument 1 passed to vendor\core\ErrorHandler::exceptionHandler() must be an instance of vendor\core\Exception, instance of Exception given in C:\xampp\htdocs\Gallery\vendor\core\ErrorHandler.php:28
Stack trace:
#0 [internal function]: vendor\core\ErrorHandler->exceptionHandler(Object(Exception))
#1 {main}
  thrown | File: C:\xampp\htdocs\Gallery\vendor\core\ErrorHandler.php | Line: 28
==================
[2021-12-23 13:38:48] Message error: Uncaught TypeError: Argument 1 passed to vendor\core\ErrorHandler::exceptionHandler() must be an instance of vendor\core\Exception, instance of Exception given in C:\xampp\htdocs\Gallery\vendor\core\ErrorHandler.php:28
Stack trace:
#0 [internal function]: vendor\core\ErrorHandler->exceptionHandler(Object(Exception))
#1 {main}
  thrown | File: C:\xampp\htdocs\Gallery\vendor\core\ErrorHandler.php | Line: 28
==================
[2021-12-23 13:39:57] Message error: Uncaught TypeError: Argument 1 passed to vendor\core\ErrorHandler::exceptionHandler() must be an instance of vendor\core\Exception, instance of Exception given in C:\xampp\htdocs\Gallery\vendor\core\ErrorHandler.php:28
Stack trace:
#0 [internal function]: vendor\core\ErrorHandler->exceptionHandler(Object(Exception))
#1 {main}
  thrown | File: C:\xampp\htdocs\Gallery\vendor\core\ErrorHandler.php | Line: 28
==================
[2021-12-23 13:39:57] Message error: Uncaught TypeError: Argument 1 passed to vendor\core\ErrorHandler::exceptionHandler() must be an instance of vendor\core\Exception, instance of Exception given in C:\xampp\htdocs\Gallery\vendor\core\ErrorHandler.php:28
Stack trace:
#0 [internal function]: vendor\core\ErrorHandler->exceptionHandler(Object(Exception))
#1 {main}
  thrown | File: C:\xampp\htdocs\Gallery\vendor\core\ErrorHandler.php | Line: 28
==================
[2021-12-23 13:40:55] Message error: page not found | File: C:\xampp\htdocs\Gallery\vendor\core\Router.php | Line: 100
==================
[2021-12-23 13:40:55] Message error: page not found | File: C:\xampp\htdocs\Gallery\vendor\core\Router.php | Line: 100
==================
[2021-12-23 13:40:57] Message error: page not found | File: C:\xampp\htdocs\Gallery\vendor\core\Router.php | Line: 100
==================
[2021-12-23 13:41:48] Message error: page not found | File: C:\xampp\htdocs\Gallery\vendor\core\Router.php | Line: 100
==================
[2021-12-23 13:41:49] Message error: page not found | File: C:\xampp\htdocs\Gallery\vendor\core\Router.php | Line: 100
==================
[2021-12-23 13:41:59] Message error: page not found | File: C:\xampp\htdocs\Gallery\vendor\core\Router.php | Line: 100
==================
[2021-12-23 13:42:00] Message error: page not found | File: C:\xampp\htdocs\Gallery\vendor\core\Router.php | Line: 100
==================
[2021-12-23 13:42:00] Message error: page not found | File: C:\xampp\htdocs\Gallery\vendor\core\Router.php | Line: 100
==================
[2021-12-23 13:42:05] Message error: page not found | File: C:\xampp\htdocs\Gallery\vendor\core\Router.php | Line: 100
==================
[2021-12-23 13:48:03] Message error: page not found | File: C:\xampp\htdocs\Gallery\vendor\core\Router.php | Line: 100
==================
[2021-12-23 13:48:11] Message error: page not found | File: C:\xampp\htdocs\Gallery\vendor\core\Router.php | Line: 100
==================
[2021-12-23 13:48:11] Message error: page not found | File: C:\xampp\htdocs\Gallery\vendor\core\Router.php | Line: 100
==================
[2021-12-23 13:49:07] Message error: page not found | File: C:\xampp\htdocs\Gallery\vendor\core\Router.php | Line: 100
==================
[2021-12-23 13:49:12] Message error: page not found | File: C:\xampp\htdocs\Gallery\vendor\core\Router.php | Line: 100
==================
[2021-12-23 13:49:48] Message error: page not found | File: C:\xampp\htdocs\Gallery\vendor\core\Router.php | Line: 100
==================
[2021-12-23 13:50:43] Message error: page not found | File: C:\xampp\htdocs\Gallery\vendor\core\Router.php | Line: 100
==================
[2021-12-23 13:50:49] Message error: page not found | File: C:\xampp\htdocs\Gallery\vendor\core\Router.php | Line: 100
==================
[2021-12-23 13:52:08] Message error: page not found | File: C:\xampp\htdocs\Gallery\vendor\core\Router.php | Line: 100
==================
[2021-12-23 13:53:00] Message error: page not found | File: C:\xampp\htdocs\Gallery\vendor\core\Router.php | Line: 100
==================
[2021-12-23 13:53:01] Message error: page not found | File: C:\xampp\htdocs\Gallery\vendor\core\Router.php | Line: 100
==================
[2021-12-23 13:53:04] Message error: page not found | File: C:\xampp\htdocs\Gallery\vendor\core\Router.php | Line: 100
==================
[2021-12-23 13:53:21] Message error: page not found | File: C:\xampp\htdocs\Gallery\vendor\core\Router.php | Line: 100
==================
[2021-12-23 13:53:56] Message error: page not found | File: C:\xampp\htdocs\Gallery\vendor\core\Router.php | Line: 100
==================
[2021-12-23 13:53:57] Message error: page not found | File: C:\xampp\htdocs\Gallery\vendor\core\Router.php | Line: 100
==================
[2021-12-23 13:54:05] Message error: page not found | File: C:\xampp\htdocs\Gallery\vendor\core\Router.php | Line: 100
==================
[2021-12-23 13:54:27] Message error: page not found | File: C:\xampp\htdocs\Gallery\vendor\core\Router.php | Line: 100
==================
[2021-12-23 13:54:29] Message error: page not found | File: C:\xampp\htdocs\Gallery\vendor\core\Router.php | Line: 100
==================
[2021-12-23 13:54:33] Message error: page not found | File: C:\xampp\htdocs\Gallery\vendor\core\Router.php | Line: 100
==================
[2021-12-23 13:55:11] Message error: page not found | File: C:\xampp\htdocs\Gallery\vendor\core\Router.php | Line: 100
==================
[2021-12-23 13:55:26] Message error: page not found | File: C:\xampp\htdocs\Gallery\vendor\core\Router.php | Line: 100
==================
[2021-12-23 13:55:49] Message error: page not found | File: C:\xampp\htdocs\Gallery\vendor\core\Router.php | Line: 101
==================
[2021-12-23 13:55:50] Message error: page not found | File: C:\xampp\htdocs\Gallery\vendor\core\Router.php | Line: 101
==================
[2021-12-23 13:57:02] Message error: page not found | File: C:\xampp\htdocs\Gallery\vendor\core\Router.php | Line: 101
==================
[2021-12-23 13:57:03] Message error: page not found | File: C:\xampp\htdocs\Gallery\vendor\core\Router.php | Line: 101
==================
[2021-12-23 13:57:23] Message error: page not found | File: C:\xampp\htdocs\Gallery\vendor\core\Router.php | Line: 101
==================
[2021-12-23 13:57:24] Message error: page not found | File: C:\xampp\htdocs\Gallery\vendor\core\Router.php | Line: 101
==================
[2021-12-23 13:57:30] Message error: page not found | File: C:\xampp\htdocs\Gallery\vendor\core\Router.php | Line: 101
==================
[2021-12-23 13:57:48] Message error: Uncaught TypeError: Argument 1 passed to vendor\core\ErrorHandler::exceptionHandler() must be an instance of vendor\core\Exception, instance of Exception given in C:\xampp\htdocs\Gallery\vendor\core\ErrorHandler.php:30
Stack trace:
#0 [internal function]: vendor\core\ErrorHandler->exceptionHandler(Object(Exception))
#1 {main}
  thrown | File: C:\xampp\htdocs\Gallery\vendor\core\ErrorHandler.php | Line: 30
==================
[2021-12-23 13:58:06] Message error: Uncaught TypeError: Argument 1 passed to vendor\core\ErrorHandler::exceptionHandler() must be an instance of vendor\core\Exception, instance of Exception given in C:\xampp\htdocs\Gallery\vendor\core\ErrorHandler.php:30
Stack trace:
#0 [internal function]: vendor\core\ErrorHandler->exceptionHandler(Object(Exception))
#1 {main}
  thrown | File: C:\xampp\htdocs\Gallery\vendor\core\ErrorHandler.php | Line: 30
==================
[2021-12-23 13:58:07] Message error: Uncaught TypeError: Argument 1 passed to vendor\core\ErrorHandler::exceptionHandler() must be an instance of vendor\core\Exception, instance of Exception given in C:\xampp\htdocs\Gallery\vendor\core\ErrorHandler.php:30
Stack trace:
#0 [internal function]: vendor\core\ErrorHandler->exceptionHandler(Object(Exception))
#1 {main}
  thrown | File: C:\xampp\htdocs\Gallery\vendor\core\ErrorHandler.php | Line: 30
==================
[2021-12-23 13:58:16] Message error: Uncaught TypeError: Argument 1 passed to vendor\core\ErrorHandler::exceptionHandler() must be an instance of vendor\core\Exception, instance of Exception given in C:\xampp\htdocs\Gallery\vendor\core\ErrorHandler.php:30
Stack trace:
#0 [internal function]: vendor\core\ErrorHandler->exceptionHandler(Object(Exception))
#1 {main}
  thrown | File: C:\xampp\htdocs\Gallery\vendor\core\ErrorHandler.php | Line: 30
==================
[2021-12-23 13:59:04] Message error: page not found | File: C:\xampp\htdocs\Gallery\vendor\core\Router.php | Line: 101
==================
[2021-12-23 13:59:05] Message error: page not found | File: C:\xampp\htdocs\Gallery\vendor\core\Router.php | Line: 101
==================
[2021-12-23 13:59:16] Message error: Uncaught TypeError: Argument 1 passed to vendor\core\ErrorHandler::exceptionHandler() must be an instance of http\Exception, instance of Exception given in C:\xampp\htdocs\Gallery\vendor\core\ErrorHandler.php:32
Stack trace:
#0 [internal function]: vendor\core\ErrorHandler->exceptionHandler(Object(Exception))
#1 {main}
  thrown | File: C:\xampp\htdocs\Gallery\vendor\core\ErrorHandler.php | Line: 32
==================
[2021-12-23 13:59:59] Message error: Uncaught TypeError: Argument 1 passed to vendor\core\ErrorHandler::exceptionHandler() must be an instance of vendor\core\Exception, instance of Exception given in C:\xampp\htdocs\Gallery\vendor\core\ErrorHandler.php:30
Stack trace:
#0 [internal function]: vendor\core\ErrorHandler->exceptionHandler(Object(Exception))
#1 {main}
  thrown | File: C:\xampp\htdocs\Gallery\vendor\core\ErrorHandler.php | Line: 30
==================
[2021-12-23 14:02:29] Message error: Uncaught TypeError: Argument 1 passed to vendor\core\ErrorHandler::exceptionHandler() must be an instance of vendor\core\Exception, instance of Exception given in C:\xampp\htdocs\Gallery\vendor\core\ErrorHandler.php:31
Stack trace:
#0 [internal function]: vendor\core\ErrorHandler->exceptionHandler(Object(Exception))
#1 {main}
  thrown | File: C:\xampp\htdocs\Gallery\vendor\core\ErrorHandler.php | Line: 31
==================
[2021-12-23 14:02:31] Message error: Uncaught TypeError: Argument 1 passed to vendor\core\ErrorHandler::exceptionHandler() must be an instance of vendor\core\Exception, instance of Exception given in C:\xampp\htdocs\Gallery\vendor\core\ErrorHandler.php:31
Stack trace:
#0 [internal function]: vendor\core\ErrorHandler->exceptionHandler(Object(Exception))
#1 {main}
  thrown | File: C:\xampp\htdocs\Gallery\vendor\core\ErrorHandler.php | Line: 31
==================
[2021-12-23 14:07:28] Message error: Uncaught TypeError: Argument 1 passed to vendor\core\ErrorHandler::exceptionHandler() must be an instance of vendor\core\Exception, instance of Exception given in C:\xampp\htdocs\Gallery\vendor\core\ErrorHandler.php:30
Stack trace:
#0 [internal function]: vendor\core\ErrorHandler->exceptionHandler(Object(Exception))
#1 {main}
  thrown | File: C:\xampp\htdocs\Gallery\vendor\core\ErrorHandler.php | Line: 30
==================
[2021-12-23 14:10:17] Message error: Uncaught TypeError: Argument 1 passed to vendor\core\ErrorHandler::exceptionHandler() must be an instance of vendor\core\Exception, instance of Exception given in C:\xampp\htdocs\Gallery\vendor\core\ErrorHandler.php:30
Stack trace:
#0 [internal function]: vendor\core\ErrorHandler->exceptionHandler(Object(Exception))
#1 {main}
  thrown | File: C:\xampp\htdocs\Gallery\vendor\core\ErrorHandler.php | Line: 30
==================
[2021-12-23 14:10:19] Message error: Uncaught TypeError: Argument 1 passed to vendor\core\ErrorHandler::exceptionHandler() must be an instance of vendor\core\Exception, instance of Exception given in C:\xampp\htdocs\Gallery\vendor\core\ErrorHandler.php:30
Stack trace:
#0 [internal function]: vendor\core\ErrorHandler->exceptionHandler(Object(Exception))
#1 {main}
  thrown | File: C:\xampp\htdocs\Gallery\vendor\core\ErrorHandler.php | Line: 30
==================
[2021-12-23 14:10:24] Message error: Uncaught TypeError: Argument 1 passed to vendor\core\ErrorHandler::exceptionHandler() must be an instance of vendor\core\Exception, instance of Exception given in C:\xampp\htdocs\Gallery\vendor\core\ErrorHandler.php:30
Stack trace:
#0 [internal function]: vendor\core\ErrorHandler->exceptionHandler(Object(Exception))
#1 {main}
  thrown | File: C:\xampp\htdocs\Gallery\vendor\core\ErrorHandler.php | Line: 30
==================
[2021-12-23 14:10:55] Message error: Uncaught TypeError: Argument 1 passed to vendor\core\ErrorHandler::exceptionHandler() must be an instance of vendor\core\Exception, instance of Exception given in C:\xampp\htdocs\Gallery\vendor\core\ErrorHandler.php:30
Stack trace:
#0 [internal function]: vendor\core\ErrorHandler->exceptionHandler(Object(Exception))
#1 {main}
  thrown | File: C:\xampp\htdocs\Gallery\vendor\core\ErrorHandler.php | Line: 30
==================
[2021-12-23 14:11:02] Message error: Uncaught TypeError: Argument 1 passed to vendor\core\ErrorHandler::exceptionHandler() must be an instance of vendor\core\Exception, instance of Exception given in C:\xampp\htdocs\Gallery\vendor\core\ErrorHandler.php:30
Stack trace:
#0 [internal function]: vendor\core\ErrorHandler->exceptionHandler(Object(Exception))
#1 {main}
  thrown | File: C:\xampp\htdocs\Gallery\vendor\core\ErrorHandler.php | Line: 30
==================
[2021-12-23 14:11:19] Message error: Uncaught TypeError: Argument 1 passed to vendor\core\ErrorHandler::exceptionHandler() must be an instance of http\Exception, instance of Exception given in C:\xampp\htdocs\Gallery\vendor\core\ErrorHandler.php:32
Stack trace:
#0 [internal function]: vendor\core\ErrorHandler->exceptionHandler(Object(Exception))
#1 {main}
  thrown | File: C:\xampp\htdocs\Gallery\vendor\core\ErrorHandler.php | Line: 32
==================
[2021-12-23 14:11:30] Message error: page not found | File: C:\xampp\htdocs\Gallery\vendor\core\Router.php | Line: 101
==================
[2021-12-23 14:11:33] Message error: page not found | File: C:\xampp\htdocs\Gallery\vendor\core\Router.php | Line: 101
==================
[2021-12-23 14:11:38] Message error: Uncaught TypeError: Argument 1 passed to vendor\core\ErrorHandler::exceptionHandler() must be an instance of vendor\core\Exception, instance of Exception given in C:\xampp\htdocs\Gallery\vendor\core\ErrorHandler.php:30
Stack trace:
#0 [internal function]: vendor\core\ErrorHandler->exceptionHandler(Object(Exception))
#1 {main}
  thrown | File: C:\xampp\htdocs\Gallery\vendor\core\ErrorHandler.php | Line: 30
==================
[2021-12-23 14:12:08] Message error: Uncaught TypeError: Argument 1 passed to vendor\core\ErrorHandler::exceptionHandler() must be an instance of vendor\core\Exception, instance of Exception given in C:\xampp\htdocs\Gallery\vendor\core\ErrorHandler.php:31
Stack trace:
#0 [internal function]: vendor\core\ErrorHandler->exceptionHandler(Object(Exception))
#1 {main}
  thrown | File: C:\xampp\htdocs\Gallery\vendor\core\ErrorHandler.php | Line: 31
==================
[2021-12-23 14:12:09] Message error: Uncaught TypeError: Argument 1 passed to vendor\core\ErrorHandler::exceptionHandler() must be an instance of vendor\core\Exception, instance of Exception given in C:\xampp\htdocs\Gallery\vendor\core\ErrorHandler.php:31
Stack trace:
#0 [internal function]: vendor\core\ErrorHandler->exceptionHandler(Object(Exception))
#1 {main}
  thrown | File: C:\xampp\htdocs\Gallery\vendor\core\ErrorHandler.php | Line: 31
==================
[2021-12-23 14:12:25] Message error: Uncaught TypeError: Argument 1 passed to vendor\core\ErrorHandler::exceptionHandler() must be an instance of vendor\core\Exception, instance of Exception given in C:\xampp\htdocs\Gallery\vendor\core\ErrorHandler.php:31
Stack trace:
#0 [internal function]: vendor\core\ErrorHandler->exceptionHandler(Object(Exception))
#1 {main}
  thrown | File: C:\xampp\htdocs\Gallery\vendor\core\ErrorHandler.php | Line: 31
==================
[2021-12-23 14:12:26] Message error: Uncaught TypeError: Argument 1 passed to vendor\core\ErrorHandler::exceptionHandler() must be an instance of vendor\core\Exception, instance of Exception given in C:\xampp\htdocs\Gallery\vendor\core\ErrorHandler.php:31
Stack trace:
#0 [internal function]: vendor\core\ErrorHandler->exceptionHandler(Object(Exception))
#1 {main}
  thrown | File: C:\xampp\htdocs\Gallery\vendor\core\ErrorHandler.php | Line: 31
==================
[2021-12-23 14:13:28] Message error: Undefined variable: error | File: C:\xampp\htdocs\Gallery\vendor\core\ErrorHandler.php | Line: 41
==================
[2021-12-23 14:14:15] Message error: Uncaught TypeError: Argument 1 passed to vendor\core\ErrorHandler::exceptionHandler() must be an instance of vendor\core\Exception, instance of Exception given in C:\xampp\htdocs\Gallery\vendor\core\ErrorHandler.php:31
Stack trace:
#0 [internal function]: vendor\core\ErrorHandler->exceptionHandler(Object(Exception))
#1 {main}
  thrown | File: C:\xampp\htdocs\Gallery\vendor\core\ErrorHandler.php | Line: 31
==================
[2021-12-23 14:16:17] Message error: Uncaught TypeError: Argument 1 passed to vendor\core\ErrorHandler::exceptionHandler() must be an instance of vendor\core\Exception, instance of Exception given in C:\xampp\htdocs\Gallery\vendor\core\ErrorHandler.php:31
Stack trace:
#0 [internal function]: vendor\core\ErrorHandler->exceptionHandler(Object(Exception))
#1 {main}
  thrown | File: C:\xampp\htdocs\Gallery\vendor\core\ErrorHandler.php | Line: 31
==================
[2021-12-23 14:18:58] Message error: Uncaught TypeError: Argument 1 passed to vendor\core\ErrorHandler::exceptionHandler() must be an instance of vendor\core\Exception, instance of Exception given in C:\xampp\htdocs\Gallery\vendor\core\ErrorHandler.php:31
Stack trace:
#0 [internal function]: vendor\core\ErrorHandler->exceptionHandler(Object(Exception))
#1 {main}
  thrown | File: C:\xampp\htdocs\Gallery\vendor\core\ErrorHandler.php | Line: 31
==================
[2021-12-23 14:21:46] Message error: Uncaught TypeError: Argument 1 passed to vendor\core\ErrorHandler::exceptionHandler() must be an instance of vendor\core\Exception, instance of Exception given in C:\xampp\htdocs\Gallery\vendor\core\ErrorHandler.php:31
Stack trace:
#0 [internal function]: vendor\core\ErrorHandler->exceptionHandler(Object(Exception))
#1 {main}
  thrown | File: C:\xampp\htdocs\Gallery\vendor\core\ErrorHandler.php | Line: 31
==================
[2021-12-23 14:21:47] Message error: Uncaught TypeError: Argument 1 passed to vendor\core\ErrorHandler::exceptionHandler() must be an instance of vendor\core\Exception, instance of Exception given in C:\xampp\htdocs\Gallery\vendor\core\ErrorHandler.php:31
Stack trace:
#0 [internal function]: vendor\core\ErrorHandler->exceptionHandler(Object(Exception))
#1 {main}
  thrown | File: C:\xampp\htdocs\Gallery\vendor\core\ErrorHandler.php | Line: 31
==================
[2021-12-23 14:21:48] Message error: Uncaught TypeError: Argument 1 passed to vendor\core\ErrorHandler::exceptionHandler() must be an instance of vendor\core\Exception, instance of Exception given in C:\xampp\htdocs\Gallery\vendor\core\ErrorHandler.php:31
Stack trace:
#0 [internal function]: vendor\core\ErrorHandler->exceptionHandler(Object(Exception))
#1 {main}
  thrown | File: C:\xampp\htdocs\Gallery\vendor\core\ErrorHandler.php | Line: 31
==================
[2021-12-23 14:21:50] Message error: Uncaught TypeError: Argument 1 passed to vendor\core\ErrorHandler::exceptionHandler() must be an instance of vendor\core\Exception, instance of Exception given in C:\xampp\htdocs\Gallery\vendor\core\ErrorHandler.php:31
Stack trace:
#0 [internal function]: vendor\core\ErrorHandler->exceptionHandler(Object(Exception))
#1 {main}
  thrown | File: C:\xampp\htdocs\Gallery\vendor\core\ErrorHandler.php | Line: 31
==================
[2021-12-23 14:26:04] Message error: Uncaught TypeError: Argument 1 passed to vendor\core\ErrorHandler::exceptionHandler() must be an instance of vendor\core\Exception, instance of Exception given in C:\xampp\htdocs\Gallery\vendor\core\ErrorHandler.php:31
Stack trace:
#0 [internal function]: vendor\core\ErrorHandler->exceptionHandler(Object(Exception))
#1 {main}
  thrown | File: C:\xampp\htdocs\Gallery\vendor\core\ErrorHandler.php | Line: 31
==================
[2021-12-23 14:27:30] Message error: Uncaught TypeError: Argument 1 passed to vendor\core\ErrorHandler::exceptionHandler() must be an instance of vendor\core\Exception, instance of Exception given in C:\xampp\htdocs\Gallery\vendor\core\ErrorHandler.php:31
Stack trace:
#0 [internal function]: vendor\core\ErrorHandler->exceptionHandler(Object(Exception))
#1 {main}
  thrown | File: C:\xampp\htdocs\Gallery\vendor\core\ErrorHandler.php | Line: 31
==================
[2021-12-23 14:27:31] Message error: Uncaught TypeError: Argument 1 passed to vendor\core\ErrorHandler::exceptionHandler() must be an instance of vendor\core\Exception, instance of Exception given in C:\xampp\htdocs\Gallery\vendor\core\ErrorHandler.php:31
Stack trace:
#0 [internal function]: vendor\core\ErrorHandler->exceptionHandler(Object(Exception))
#1 {main}
  thrown | File: C:\xampp\htdocs\Gallery\vendor\core\ErrorHandler.php | Line: 31
==================
[2021-12-23 14:27:32] Message error: Uncaught TypeError: Argument 1 passed to vendor\core\ErrorHandler::exceptionHandler() must be an instance of vendor\core\Exception, instance of Exception given in C:\xampp\htdocs\Gallery\vendor\core\ErrorHandler.php:31
Stack trace:
#0 [internal function]: vendor\core\ErrorHandler->exceptionHandler(Object(Exception))
#1 {main}
  thrown | File: C:\xampp\htdocs\Gallery\vendor\core\ErrorHandler.php | Line: 31
==================
[2021-12-23 14:28:27] Message error: set_exception_handler() expects the argument (vendor\core\ErrorHandler::exceptionHandler) to be a valid callback | File: C:\xampp\htdocs\Gallery\vendor\core\ErrorHandler.php | Line: 19
==================
[2021-12-23 14:28:29] Message error: set_exception_handler() expects the argument (vendor\core\ErrorHandler::exceptionHandler) to be a valid callback | File: C:\xampp\htdocs\Gallery\vendor\core\ErrorHandler.php | Line: 19
==================
[2021-12-23 14:31:14] Message error: Uncaught TypeError: Argument 1 passed to vendor\core\ErrorHandler::exceptionHandler() must be an instance of vendor\core\Exception, instance of Error given in C:\xampp\htdocs\Gallery\vendor\core\ErrorHandler.php:31
Stack trace:
#0 [internal function]: vendor\core\ErrorHandler->exceptionHandler(Object(Error))
#1 {main}
  thrown | File: C:\xampp\htdocs\Gallery\vendor\core\ErrorHandler.php | Line: 31
==================
[2021-12-23 14:31:27] Message error: Uncaught TypeError: Argument 1 passed to vendor\core\ErrorHandler::exceptionHandler() must be an instance of vendor\core\Exception, instance of Error given in C:\xampp\htdocs\Gallery\vendor\core\ErrorHandler.php:31
Stack trace:
#0 [internal function]: vendor\core\ErrorHandler->exceptionHandler(Object(Error))
#1 {main}
  thrown | File: C:\xampp\htdocs\Gallery\vendor\core\ErrorHandler.php | Line: 31
==================
[2021-12-23 14:45:55] Message error: Class 'vendor\core\Exception' not found | File: C:\xampp\htdocs\Gallery\vendor\core\Router.php | Line: 101
==================
[2021-12-23 14:46:07] Message error: Class 'vendor\core\Exception' not found | File: C:\xampp\htdocs\Gallery\vendor\core\Router.php | Line: 101
==================
[2021-12-23 14:46:08] Message error: Class 'vendor\core\Exception' not found | File: C:\xampp\htdocs\Gallery\vendor\core\Router.php | Line: 101
==================
[2021-12-23 14:46:33] Message error: page not found | File: C:\xampp\htdocs\Gallery\vendor\core\Router.php | Line: 101
==================
[2021-12-23 14:46:41] Message error: page not found | File: C:\xampp\htdocs\Gallery\vendor\core\Router.php | Line: 101
==================
[2021-12-23 14:46:46] Message error: Class 'vendor\core\Exception' not found | File: C:\xampp\htdocs\Gallery\vendor\core\Router.php | Line: 101
==================
[2021-12-23 14:47:00] Message error: page not found | File: C:\xampp\htdocs\Gallery\vendor\core\Router.php | Line: 101
==================
[2021-12-23 14:47:05] Message error: Class 'vendor\core\Exception' not found | File: C:\xampp\htdocs\Gallery\vendor\core\Router.php | Line: 101
==================
[2021-12-23 14:49:32] Message error: Class 'vendor\core\Exception' not found | File: C:\xampp\htdocs\Gallery\vendor\core\Router.php | Line: 101
==================
[2021-12-23 14:53:31] Message error: Class 'vendor\core\Exception' not found | File: C:\xampp\htdocs\Gallery\vendor\core\Router.php | Line: 101
==================
[2021-12-23 14:54:01] Message error: Class 'vendor\core\Exception' not found | File: C:\xampp\htdocs\Gallery\vendor\core\Router.php | Line: 101
==================
[2021-12-23 14:54:02] Message error: Class 'vendor\core\Exception' not found | File: C:\xampp\htdocs\Gallery\vendor\core\Router.php | Line: 101
==================
[2021-12-23 14:54:03] Message error: Class 'vendor\core\Exception' not found | File: C:\xampp\htdocs\Gallery\vendor\core\Router.php | Line: 101
==================
[2021-12-23 14:54:24] Message error: Class 'vendor\core\Exception' not found | File: C:\xampp\htdocs\Gallery\vendor\core\Router.php | Line: 101
==================
[2021-12-23 14:54:25] Message error: Class 'vendor\core\Exception' not found | File: C:\xampp\htdocs\Gallery\vendor\core\Router.php | Line: 101
==================
[2021-12-23 14:54:26] Message error: Class 'vendor\core\Exception' not found | File: C:\xampp\htdocs\Gallery\vendor\core\Router.php | Line: 101
==================
[2021-12-23 14:57:16] Message error: Class 'vendor\core\Exception' not found | File: C:\xampp\htdocs\Gallery\vendor\core\Router.php | Line: 101
==================
[2021-12-23 14:57:18] Message error: Class 'vendor\core\Exception' not found | File: C:\xampp\htdocs\Gallery\vendor\core\Router.php | Line: 101
==================
[2021-12-23 14:57:22] Message error: syntax error, unexpected '}' | File: C:\xampp\htdocs\Gallery\app\Controllers\MainController.php | Line: 66
==================
[2021-12-23 15:00:06] Message error: Class 'vendor\core\Exception' not found | File: C:\xampp\htdocs\Gallery\vendor\core\Router.php | Line: 101
==================
[2021-12-23 15:00:34] Message error: page not found | File: C:\xampp\htdocs\Gallery\vendor\core\Router.php | Line: 101
==================
[2021-12-24 10:06:16] Message error: page not found | File: C:\xampp\htdocs\Gallery\vendor\core\Router.php | Line: 108
==================
[2021-12-24 16:36:33] Message error: page not found | File: C:\xampp\htdocs\Gallery\vendor\core\Router.php | Line: 108
==================
[2021-12-24 16:38:33] Message error: page not found | File: C:\xampp\htdocs\Gallery\vendor\core\Router.php | Line: 108
==================
[2021-12-24 16:38:37] Message error: page not found | File: C:\xampp\htdocs\Gallery\vendor\core\Router.php | Line: 108
==================
[2021-12-24 16:38:38] Message error: page not found | File: C:\xampp\htdocs\Gallery\vendor\core\Router.php | Line: 108
==================
[2021-12-24 17:01:48] Message error: Class 'Models\User' not found | File: C:\xampp\htdocs\Gallery\app\Controllers\UserController.php | Line: 15
==================
[2021-12-24 17:04:56] Message error: Class 'Models\User' not found | File: C:\xampp\htdocs\Gallery\app\Controllers\UserController.php | Line: 15
==================
[2021-12-24 17:06:24] Message error: Class 'Models\User' not found | File: C:\xampp\htdocs\Gallery\app\Controllers\UserController.php | Line: 15
==================
[2021-12-24 17:06:30] Message error: Class 'Models\User' not found | File: C:\xampp\htdocs\Gallery\app\Controllers\UserController.php | Line: 15
==================
[2021-12-24 17:06:49] Message error: Class 'Models\User' not found | File: C:\xampp\htdocs\Gallery\app\Controllers\UserController.php | Line: 15
==================
[2021-12-24 17:07:14] Message error: Class 'Models\User' not found | File: C:\xampp\htdocs\Gallery\app\Controllers\UserController.php | Line: 15
==================
[2021-12-26 20:41:05] Message error: page not found | File: C:\xampp\htdocs\Gallery\vendor\core\Router.php | Line: 108
==================
[2021-12-26 21:10:40] Message error: Array to string conversion | File: C:\xampp\htdocs\Gallery\vendor\core\base\Model.php | Line: 41
==================
[2021-12-26 21:33:41] Message error: Invalid argument supplied for foreach() | File: C:\xampp\htdocs\Gallery\vendor\core\base\Model.php | Line: 66
==================
[2021-12-26 22:06:18] Message error: Undefined index: password_confirm | File: C:\xampp\htdocs\Gallery\vendor\core\base\Model.php | Line: 78
==================
[2021-12-26 22:06:50] Message error: Undefined index: password_confirm | File: C:\xampp\htdocs\Gallery\vendor\core\base\Model.php | Line: 85
==================
[2021-12-26 22:07:25] Message error: SQLSTATE[23000]: Integrity constraint violation: 1062 Duplicate entry 'Dmitriy-viacheslav.ivanskiy@gmail.com' for key 'user' | File: C:\xampp\htdocs\Gallery\vendor\core\Db.php | Line: 38
==================
[2021-12-26 22:11:02] Message error: SQLSTATE[23000]: Integrity constraint violation: 1062 Duplicate entry 'Dmitriy1-jw998230@gmail.com' for key 'user' | File: C:\xampp\htdocs\Gallery\vendor\core\Db.php | Line: 38
==================
[2021-12-26 22:11:43] Message error: SQLSTATE[23000]: Integrity constraint violation: 1062 Duplicate entry 'Dmitriy1-jw998230@gmail.com' for key 'user' | File: C:\xampp\htdocs\Gallery\vendor\core\Db.php | Line: 38
==================
[2021-12-26 22:12:02] Message error: SQLSTATE[23000]: Integrity constraint violation: 1062 Duplicate entry 'Dmitriy11-jw998230@gmail.com' for key 'user' | File: C:\xampp\htdocs\Gallery\vendor\core\Db.php | Line: 38
==================
[2021-12-26 22:12:12] Message error: SQLSTATE[23000]: Integrity constraint violation: 1062 Duplicate entry 'Dmitriy112-jw998230@gmail.com' for key 'user' | File: C:\xampp\htdocs\Gallery\vendor\core\Db.php | Line: 38
==================
[2021-12-26 22:12:33] Message error: SQLSTATE[23000]: Integrity constraint violation: 1062 Duplicate entry 'Dmitriy112-jw998230@gmail.com' for key 'user' | File: C:\xampp\htdocs\Gallery\vendor\core\Db.php | Line: 38
==================
[2021-12-26 22:13:19] Message error: SQLSTATE[23000]: Integrity constraint violation: 1062 Duplicate entry 'Dmitriy-jw998230@gmail.com' for key 'user' | File: C:\xampp\htdocs\Gallery\vendor\core\Db.php | Line: 38
==================
[2021-12-26 22:13:38] Message error: SQLSTATE[23000]: Integrity constraint violation: 1062 Duplicate entry 'Dmitriy-viacheslav.ivanskiy@gmail.com' for key 'user' | File: C:\xampp\htdocs\Gallery\vendor\core\Db.php | Line: 38
==================
[2021-12-26 22:14:09] Message error: SQLSTATE[23000]: Integrity constraint violation: 1062 Duplicate entry 'Dmitriy-Dmitriy12@gmail.com' for key 'user' | File: C:\xampp\htdocs\Gallery\vendor\core\Db.php | Line: 38
==================
[2021-12-26 22:15:58] Message error: page not found | File: C:\xampp\htdocs\Gallery\vendor\core\Router.php | Line: 108
==================
[2021-12-26 22:16:49] Message error: page not found | File: C:\xampp\htdocs\Gallery\vendor\core\Router.php | Line: 108
==================
[2021-12-26 22:16:53] Message error: page not found | File: C:\xampp\htdocs\Gallery\vendor\core\Router.php | Line: 108
==================
[2021-12-26 22:17:07] Message error: page not found | File: C:\xampp\htdocs\Gallery\vendor\core\Router.php | Line: 108
==================
[2021-12-26 22:17:08] Message error: page not found | File: C:\xampp\htdocs\Gallery\vendor\core\Router.php | Line: 108
==================
[2021-12-26 22:17:21] Message error: page not found | File: C:\xampp\htdocs\Gallery\vendor\core\Router.php | Line: 108
==================
[2021-12-26 22:17:22] Message error: page not found | File: C:\xampp\htdocs\Gallery\vendor\core\Router.php | Line: 108
==================
[2021-12-26 22:17:39] Message error: page not found | File: C:\xampp\htdocs\Gallery\vendor\core\Router.php | Line: 108
==================
[2021-12-26 22:18:11] Message error: page not found | File: C:\xampp\htdocs\Gallery\vendor\core\Router.php | Line: 108
==================
[2021-12-26 22:18:32] Message error: page not found | File: C:\xampp\htdocs\Gallery\vendor\core\Router.php | Line: 108
==================
[2021-12-26 22:18:55] Message error: page not found | File: C:\xampp\htdocs\Gallery\vendor\core\Router.php | Line: 108
==================
[2021-12-26 22:19:16] Message error: page not found | File: C:\xampp\htdocs\Gallery\vendor\core\Router.php | Line: 108
==================
[2021-12-26 22:21:19] Message error: page not found | File: C:\xampp\htdocs\Gallery\vendor\core\Router.php | Line: 108
==================
[2021-12-26 22:25:33] Message error: page not found | File: C:\xampp\htdocs\Gallery\vendor\core\Router.php | Line: 108
==================
[2021-12-26 22:26:25] Message error: SQLSTATE[23000]: Integrity constraint violation: 1062 Duplicate entry 'Dmitriy8-jw998230@gmail.com' for key 'user' | File: C:\xampp\htdocs\Gallery\vendor\core\Db.php | Line: 38
==================
[2021-12-26 22:26:38] Message error: page not found | File: C:\xampp\htdocs\Gallery\vendor\core\Router.php | Line: 108
==================
[2021-12-26 22:27:07] Message error: include_once(..\Models\User.php): failed to open stream: No such file or directory | File: C:\xampp\htdocs\Gallery\app\Controllers\LoginController.php | Line: 5
==================
[2021-12-26 22:27:44] Message error: page not found | File: C:\xampp\htdocs\Gallery\vendor\core\Router.php | Line: 108
==================
[2021-12-26 23:07:15] Message error: SQLSTATE[HY093]: Invalid parameter number: number of bound variables does not match number of tokens | File: C:\xampp\htdocs\Gallery\vendor\core\Db.php | Line: 44
==================
[2021-12-26 23:07:15] Message error: http_response_code() expects parameter 1 to be int, string given | File: C:\xampp\htdocs\Gallery\vendor\core\ErrorHandler.php | Line: 55
==================
[2021-12-26 23:11:37] Message error: SQLSTATE[42000]: Syntax error or access violation: 1064 You have an error in your SQL syntax; check the manual that corresponds to your MariaDB server version for the right syntax to use near 'WHERE users = ? LIMI 1' at line 1 | File: C:\xampp\htdocs\Gallery\vendor\core\Db.php | Line: 44
==================
[2021-12-26 23:12:53] Message error: SQLSTATE[42000]: Syntax error or access violation: 1064 You have an error in your SQL syntax; check the manual that corresponds to your MariaDB server version for the right syntax to use near 'WHERE login =? OR mail = ? limit 1 = ? LIMI 1' at line 1 | File: C:\xampp\htdocs\Gallery\vendor\core\Db.php | Line: 44
==================
[2021-12-26 23:13:15] Message error: SQLSTATE[42000]: Syntax error or access violation: 1064 You have an error in your SQL syntax; check the manual that corresponds to your MariaDB server version for the right syntax to use near 'WHERE name =? OR mail = ? limit 1 = ? LIMI 1' at line 1 | File: C:\xampp\htdocs\Gallery\vendor\core\Db.php | Line: 44
==================
[2021-12-26 23:13:38] Message error: SQLSTATE[42000]: Syntax error or access violation: 1064 You have an error in your SQL syntax; check the manual that corresponds to your MariaDB server version for the right syntax to use near 'WHERE name =? OR mail = ? = ? LIMI 1' at line 1 | File: C:\xampp\htdocs\Gallery\vendor\core\Db.php | Line: 44
==================
[2021-12-26 23:13:47] Message error: SQLSTATE[42000]: Syntax error or access violation: 1064 You have an error in your SQL syntax; check the manual that corresponds to your MariaDB server version for the right syntax to use near 'WHERE name =? OR mail  = ? LIMI 1' at line 1 | File: C:\xampp\htdocs\Gallery\vendor\core\Db.php | Line: 44
==================
[2021-12-26 23:23:00] Message error: Array to string conversion | File: C:\xampp\htdocs\Gallery\vendor\core\base\Model.php | Line: 119
==================
[2021-12-26 23:23:43] Message error: SQLSTATE[42000]: Syntax error or access violation: 1064 You have an error in your SQL syntax; check the manual that corresponds to your MariaDB server version for the right syntax to use near 'WHERE name =? OR mail  = ? LIMI 1' at line 1 | File: C:\xampp\htdocs\Gallery\vendor\core\Db.php | Line: 44
==================
[2021-12-26 23:25:15] Message error: Array to string conversion | File: C:\xampp\htdocs\Gallery\vendor\core\base\Model.php | Line: 119
==================
[2021-12-26 23:26:20] Message error: Array to string conversion | File: C:\xampp\htdocs\Gallery\vendor\core\base\Model.php | Line: 119
==================
[2021-12-26 23:30:10] Message error: SQLSTATE[42000]: Syntax error or access violation: 1064 You have an error in your SQL syntax; check the manual that corresponds to your MariaDB server version for the right syntax to use near 'WHERE 'name ='Dmitriy1' OR mail='jw998230@gmail.com'  LIMI 1' at line 1 | File: C:\xampp\htdocs\Gallery\vendor\core\Db.php | Line: 44
==================
[2021-12-26 23:35:46] Message error: SQLSTATE[42000]: Syntax error or access violation: 1064 You have an error in your SQL syntax; check the manual that corresponds to your MariaDB server version for the right syntax to use near 'Dmitriy1' OR mail='jw998230@gmail.com'  LIMI 1' at line 1 | File: C:\xampp\htdocs\Gallery\vendor\core\Db.php | Line: 44
==================
[2021-12-26 23:37:58] Message error: syntax error, unexpected 'name' (T_STRING), expecting ')' | File: C:\xampp\htdocs\Gallery\app\Models\User.php | Line: 29
==================
[2021-12-26 23:46:17] Message error: Undefined index: user | File: C:\xampp\htdocs\Gallery\app\Models\User.php | Line: 27
==================
[2021-12-26 23:49:09] Message error: Too few arguments to function app\Models\User::checkMailAndName(), 0 passed in C:\xampp\htdocs\Gallery\app\Controllers\UserController.php on line 23 and exactly 1 expected | File: C:\xampp\htdocs\Gallery\app\Models\User.php | Line: 25
==================
[2021-12-26 23:51:06] Message error: Attempt to assign property 'name' of non-object | File: C:\xampp\htdocs\Gallery\app\Models\User.php | Line: 29
==================
[2021-12-26 23:51:41] Message error: Attempt to assign property 'user' of non-object | File: C:\xampp\htdocs\Gallery\app\Models\User.php | Line: 29
==================
[2021-12-26 23:52:57] Message error: Trying to get property 'name' of non-object | File: C:\xampp\htdocs\Gallery\app\Models\User.php | Line: 29
==================
[2021-12-26 23:54:02] Message error: Undefined index: user | File: C:\xampp\htdocs\Gallery\app\Models\User.php | Line: 30
==================
[2021-12-26 23:54:30] Message error: Trying to get property 'user' of non-object | File: C:\xampp\htdocs\Gallery\app\Models\User.php | Line: 30
==================
[2021-12-26 23:54:53] Message error: Undefined index: user | File: C:\xampp\htdocs\Gallery\app\Models\User.php | Line: 28
==================
[2021-12-26 23:55:21] Message error: Cannot use [] for reading | File: C:\xampp\htdocs\Gallery\app\Models\User.php | Line: 28
==================
[2021-12-26 23:56:05] Message error: Array to string conversion | File: C:\xampp\htdocs\Gallery\vendor\core\base\Model.php | Line: 65
==================
[2021-12-26 23:58:08] Message error: Array to string conversion | File: C:\xampp\htdocs\Gallery\vendor\core\base\Model.php | Line: 65
==================
[2021-12-26 23:58:26] Message error: Array to string conversion | File: C:\xampp\htdocs\Gallery\vendor\core\base\Model.php | Line: 66
==================
[2021-12-26 23:59:16] Message error: Invalid argument supplied for foreach() | File: C:\xampp\htdocs\Gallery\vendor\core\base\Model.php | Line: 65
==================
[2021-12-26 23:59:35] Message error: Invalid argument supplied for foreach() | File: C:\xampp\htdocs\Gallery\vendor\core\base\Model.php | Line: 65
==================
[2021-12-27 00:00:56] Message error: Array to string conversion | File: C:\xampp\htdocs\Gallery\vendor\core\base\Model.php | Line: 67
==================
[2021-12-27 00:01:57] Message error: Array to string conversion | File: C:\xampp\htdocs\Gallery\vendor\core\base\Model.php | Line: 67
==================
[2021-12-27 00:02:19] Message error: Array to string conversion | File: C:\xampp\htdocs\Gallery\vendor\core\base\Model.php | Line: 67
==================
[2021-12-27 00:02:34] Message error: Array to string conversion | File: C:\xampp\htdocs\Gallery\vendor\core\base\Model.php | Line: 67
==================
[2021-12-27 00:02:53] Message error: Array to string conversion | File: C:\xampp\htdocs\Gallery\vendor\core\base\Model.php | Line: 67
==================
[2021-12-27 00:03:35] Message error: Array to string conversion | File: C:\xampp\htdocs\Gallery\vendor\core\base\Model.php | Line: 67
==================
[2021-12-27 00:04:21] Message error: Array to string conversion | File: C:\xampp\htdocs\Gallery\vendor\core\base\Model.php | Line: 65
==================
[2021-12-27 00:04:51] Message error: Array to string conversion | File: C:\xampp\htdocs\Gallery\vendor\core\base\Model.php | Line: 65
==================
[2021-12-27 00:05:11] Message error: Call to undefined function vendor\core\base\Tostring() | File: C:\xampp\htdocs\Gallery\vendor\core\base\Model.php | Line: 65
==================
[2021-12-27 00:05:18] Message error: Use of undefined constant Tostring - assumed 'Tostring' (this will throw an Error in a future version of PHP) | File: C:\xampp\htdocs\Gallery\vendor\core\base\Model.php | Line: 65
==================
[2021-12-27 00:05:47] Message error: Array to string conversion | File: C:\xampp\htdocs\Gallery\vendor\core\base\Model.php | Line: 66
==================
[2021-12-27 00:06:10] Message error: Call to undefined function vendor\core\base\typeof() | File: C:\xampp\htdocs\Gallery\vendor\core\base\Model.php | Line: 65
==================
[2021-12-27 00:06:18] Message error: Array to string conversion | File: C:\xampp\htdocs\Gallery\vendor\core\base\Model.php | Line: 66
==================
[2021-12-27 00:07:00] Message error: Array to string conversion | File: C:\xampp\htdocs\Gallery\vendor\core\base\Model.php | Line: 66
==================
[2021-12-27 00:18:59] Message error: Undefined index: error | File: C:\xampp\htdocs\Gallery\app\Views\layouts\default.php | Line: 43
==================
[2021-12-27 00:19:11] Message error: Undefined index: error | File: C:\xampp\htdocs\Gallery\app\Views\layouts\default.php | Line: 43
==================
[2021-12-27 00:19:13] Message error: Undefined index: error | File: C:\xampp\htdocs\Gallery\app\Views\layouts\default.php | Line: 43
==================
[2021-12-27 00:19:14] Message error: Undefined index: error | File: C:\xampp\htdocs\Gallery\app\Views\layouts\default.php | Line: 43
==================
[2021-12-27 00:31:49] Message error: Undefined property: app\Models\User::$data | File: C:\xampp\htdocs\Gallery\app\Models\User.php | Line: 32
==================
[2021-12-27 00:32:27] Message error: Array to string conversion | File: C:\xampp\htdocs\Gallery\vendor\core\base\Model.php | Line: 65
==================
[2021-12-27 00:33:39] Message error: Array to string conversion | File: C:\xampp\htdocs\Gallery\vendor\core\base\Model.php | Line: 65
==================
[2021-12-27 00:33:58] Message error: Array to string conversion | File: C:\xampp\htdocs\Gallery\vendor\core\base\Model.php | Line: 65
==================
[2021-12-27 00:34:49] Message error: Array to string conversion | File: C:\xampp\htdocs\Gallery\vendor\core\base\Model.php | Line: 65
==================
[2021-12-27 00:35:51] Message error: Array to string conversion | File: C:\xampp\htdocs\Gallery\vendor\core\base\Model.php | Line: 66
==================
[2021-12-27 00:36:18] Message error: Array to string conversion | File: C:\xampp\htdocs\Gallery\vendor\core\base\Model.php | Line: 66
==================
[2021-12-27 00:36:49] Message error: Array to string conversion | File: C:\xampp\htdocs\Gallery\vendor\core\base\Model.php | Line: 66
==================
[2021-12-27 00:37:05] Message error: Trying to access array offset on value of type int | File: C:\xampp\htdocs\Gallery\vendor\core\base\Model.php | Line: 65
==================
[2021-12-27 00:37:34] Message error: Array to string conversion | File: C:\xampp\htdocs\Gallery\vendor\core\base\Model.php | Line: 66
==================
[2021-12-27 00:39:14] Message error: Invalid argument supplied for foreach() | File: C:\xampp\htdocs\Gallery\vendor\core\base\Model.php | Line: 65
==================
[2021-12-27 00:39:29] Message error: Array to string conversion | File: C:\xampp\htdocs\Gallery\vendor\core\base\Model.php | Line: 66
==================
[2021-12-27 00:39:40] Message error: Array to string conversion | File: C:\xampp\htdocs\Gallery\vendor\core\base\Model.php | Line: 66
==================
[2021-12-27 00:46:28] Message error: SQLSTATE[23000]: Integrity constraint violation: 1062 Duplicate entry 'Dmitriy1-jw998230@gmail.com' for key 'user' | File: C:\xampp\htdocs\Gallery\vendor\core\Db.php | Line: 38
==================
[2021-12-27 00:50:04] Message error: Array to string conversion | File: C:\xampp\htdocs\Gallery\vendor\core\base\Model.php | Line: 67
==================
[2021-12-27 00:50:45] Message error: Array to string conversion | File: C:\xampp\htdocs\Gallery\vendor\core\base\Model.php | Line: 67
==================
[2021-12-27 00:52:04] Message error: Array to string conversion | File: C:\xampp\htdocs\Gallery\vendor\core\base\Model.php | Line: 67
==================
[2021-12-27 00:52:27] Message error: Array to string conversion | File: C:\xampp\htdocs\Gallery\vendor\core\base\Model.php | Line: 66
==================
[2021-12-27 02:15:30] Message error: Trying to get property 'password' of non-object | File: C:\xampp\htdocs\Gallery\app\Models\User.php | Line: 58
==================
[2021-12-27 02:15:58] Message error: Undefined index: password | File: C:\xampp\htdocs\Gallery\app\Models\User.php | Line: 58
==================
[2021-12-27 02:16:28] Message error: Undefined index: password | File: C:\xampp\htdocs\Gallery\app\Models\User.php | Line: 57
==================
[2021-12-27 02:16:45] Message error: Undefined index: password | File: C:\xampp\htdocs\Gallery\app\Models\User.php | Line: 58
==================
[2021-12-27 02:39:22] Message error: SQLSTATE[42S22]: Column not found: 1054 Unknown column 'name' in 'where clause' | File: C:\xampp\htdocs\Gallery\vendor\core\Db.php | Line: 44
==================
[2021-12-27 02:39:22] Message error: A non well formed numeric value encountered | File: C:\xampp\htdocs\Gallery\vendor\core\ErrorHandler.php | Line: 55
==================
[2021-12-27 06:23:03] Message error: page not found | File: C:\xampp\htdocs\Gallery\vendor\core\Router.php | Line: 108
==================
[2021-12-27 06:23:17] Message error: Undefined index: email | File: C:\xampp\htdocs\Gallery\app\Models\User.php | Line: 51
==================
[2021-12-27 06:24:10] Message error: Undefined index: email | File: C:\xampp\htdocs\Gallery\app\Models\User.php | Line: 51
==================
[2021-12-27 06:39:20] Message error: SQLSTATE[42000]: Syntax error or access violation: 1064 You have an error in your SQL syntax; check the manual that corresponds to your MariaDB server version for the right syntax to use near 'email password FROM users WHERE user ='viacheslav.ivaskiy@gmail.com'' at line 1 | File: C:\xampp\htdocs\Gallery\vendor\core\Db.php | Line: 44
==================
[2021-12-27 06:44:21] Message error: SQLSTATE[42000]: Syntax error or access violation: 1064 You have an error in your SQL syntax; check the manual that corresponds to your MariaDB server version for the right syntax to use near 'email password FROM users WHERE user ='viacheslav.ivaskiy@gmail.com'' at line 1 | File: C:\xampp\htdocs\Gallery\vendor\core\Db.php | Line: 44
==================
[2021-12-27 07:38:04] Message error: Undefined index: name | File: C:\xampp\htdocs\Gallery\app\Models\User.php | Line: 28
==================
[2021-12-27 07:45:15] Message error: Undefined variable: attributes | File: C:\xampp\htdocs\Gallery\vendor\core\base\Model.php | Line: 28
==================
[2021-12-27 07:54:52] Message error: SQLSTATE[HY093]: Invalid parameter number: parameter was not defined | File: C:\xampp\htdocs\Gallery\vendor\core\Db.php | Line: 44
==================
[2021-12-27 07:54:52] Message error: http_response_code() expects parameter 1 to be int, string given | File: C:\xampp\htdocs\Gallery\vendor\core\ErrorHandler.php | Line: 55
==================
[2021-12-27 07:59:58] Message error: Cannot use [] for reading | File: C:\xampp\htdocs\Gallery\app\Models\User.php | Line: 29
==================
[2021-12-27 08:39:03] Message error: Undefined variable: data | File: C:\xampp\htdocs\Gallery\app\Models\User.php | Line: 36
==================
[2021-12-27 09:03:28] Message error: Undefined index: email | File: C:\xampp\htdocs\Gallery\app\Models\User.php | Line: 48
==================
[2021-12-27 09:05:35] Message error: Undefined index: email | File: C:\xampp\htdocs\Gallery\app\Models\User.php | Line: 48
==================
[2021-12-27 09:10:23] Message error: Undefined index: email | File: C:\xampp\htdocs\Gallery\app\Models\User.php | Line: 48
==================
[2021-12-27 09:10:35] Message error: Undefined index: email | File: C:\xampp\htdocs\Gallery\app\Models\User.php | Line: 48
==================
[2021-12-27 09:11:05] Message error: Undefined index: email | File: C:\xampp\htdocs\Gallery\app\Models\User.php | Line: 48
==================
[2021-12-27 09:11:12] Message error: Undefined index: email | File: C:\xampp\htdocs\Gallery\app\Models\User.php | Line: 48
==================
[2021-12-27 09:20:02] Message error: SQLSTATE[HY093]: Invalid parameter number: number of bound variables does not match number of tokens | File: C:\xampp\htdocs\Gallery\vendor\core\Db.php | Line: 44
==================
[2021-12-27 09:20:02] Message error: http_response_code() expects parameter 1 to be int, string given | File: C:\xampp\htdocs\Gallery\vendor\core\ErrorHandler.php | Line: 55
==================
[2021-12-27 09:20:34] Message error: SQLSTATE[HY093]: Invalid parameter number: number of bound variables does not match number of tokens | File: C:\xampp\htdocs\Gallery\vendor\core\Db.php | Line: 44
==================
[2021-12-27 09:20:34] Message error: http_response_code() expects parameter 1 to be int, string given | File: C:\xampp\htdocs\Gallery\vendor\core\ErrorHandler.php | Line: 55
==================
[2021-12-27 09:20:49] Message error: SQLSTATE[HY093]: Invalid parameter number: number of bound variables does not match number of tokens | File: C:\xampp\htdocs\Gallery\vendor\core\Db.php | Line: 44
==================
[2021-12-27 09:20:49] Message error: http_response_code() expects parameter 1 to be int, string given | File: C:\xampp\htdocs\Gallery\vendor\core\ErrorHandler.php | Line: 55
==================
[2021-12-27 09:20:57] Message error: SQLSTATE[HY093]: Invalid parameter number: number of bound variables does not match number of tokens | File: C:\xampp\htdocs\Gallery\vendor\core\Db.php | Line: 44
==================
[2021-12-27 09:20:57] Message error: http_response_code() expects parameter 1 to be int, string given | File: C:\xampp\htdocs\Gallery\vendor\core\ErrorHandler.php | Line: 55
==================
[2021-12-27 09:25:13] Message error: Undefined index: email | File: C:\xampp\htdocs\Gallery\app\Models\User.php | Line: 49
==================
[2021-12-27 09:25:43] Message error: Undefined index: email | File: C:\xampp\htdocs\Gallery\app\Models\User.php | Line: 49
==================
[2021-12-27 09:31:10] Message error: Undefined index: name | File: C:\xampp\htdocs\Gallery\app\Models\User.php | Line: 47
==================
[2021-12-27 09:36:16] Message error: SQLSTATE[42000]: Syntax error or access violation: 1064 You have an error in your SQL syntax; check the manual that corresponds to your MariaDB server version for the right syntax to use near 'select * from users where email = 111@mail.com = '111@mail.com' LIMIT 1' at line 1 | File: C:\xampp\htdocs\Gallery\vendor\core\Db.php | Line: 44
==================
[2021-12-27 09:36:59] Message error: SQLSTATE[42000]: Syntax error or access violation: 1064 You have an error in your SQL syntax; check the manual that corresponds to your MariaDB server version for the right syntax to use near '@mail.com = '111@mail.com' LIMIT 1' at line 1 | File: C:\xampp\htdocs\Gallery\vendor\core\Db.php | Line: 44
==================
[2021-12-27 09:37:14] Message error: SQLSTATE[42000]: Syntax error or access violation: 1064 You have an error in your SQL syntax; check the manual that corresponds to your MariaDB server version for the right syntax to use near '@mail.com = '111@mail.com' LIMIT 1' at line 1 | File: C:\xampp\htdocs\Gallery\vendor\core\Db.php | Line: 44
==================
[2021-12-27 09:37:37] Message error: SQLSTATE[42000]: Syntax error or access violation: 1064 You have an error in your SQL syntax; check the manual that corresponds to your MariaDB server version for the right syntax to use near '= '111@mail.com' LIMIT 1' at line 1 | File: C:\xampp\htdocs\Gallery\vendor\core\Db.php | Line: 44
==================
[2021-12-27 09:38:11] Message error: SQLSTATE[HY093]: Invalid parameter number: number of bound variables does not match number of tokens | File: C:\xampp\htdocs\Gallery\vendor\core\Db.php | Line: 44
==================
[2021-12-27 09:38:11] Message error: http_response_code() expects parameter 1 to be int, string given | File: C:\xampp\htdocs\Gallery\vendor\core\ErrorHandler.php | Line: 55
==================
[2021-12-27 09:38:18] Message error: SQLSTATE[42000]: Syntax error or access violation: 1064 You have an error in your SQL syntax; check the manual that corresponds to your MariaDB server version for the right syntax to use near '= '111@mail.com' LIMIT 1' at line 1 | File: C:\xampp\htdocs\Gallery\vendor\core\Db.php | Line: 44
==================
[2021-12-27 09:39:23] Message error: Undefined index: password | File: C:\xampp\htdocs\Gallery\app\Models\User.php | Line: 50
==================
[2021-12-28 12:13:52] Message error: page not found | File: C:\xampp\htdocs\Gallery\vendor\core\Router.php | Line: 108
==================
[2021-12-28 13:10:14] Message error: Unsupported operand types | File: C:\xampp\htdocs\Gallery\vendor\libs\Pagination.php | Line: 50
==================
[2021-12-28 13:16:42] Message error: Unsupported operand types | File: C:\xampp\htdocs\Gallery\vendor\libs\Pagination.php | Line: 52
==================
[2021-12-28 13:25:04] Message error: Illegal string offset 'file_name' | File: C:\xampp\htdocs\Gallery\vendor\core\base\Model.php | Line: 87
==================
[2021-12-28 13:26:05] Message error: preg_match(): Delimiter must not be alphanumeric or backslash | File: C:\xampp\htdocs\Gallery\vendor\libs\Pagination.php | Line: 82
==================
[2021-12-28 13:26:54] Message error: preg_match(): Delimiter must not be alphanumeric or backslash | File: C:\xampp\htdocs\Gallery\vendor\libs\Pagination.php | Line: 82
==================
[2021-12-28 13:28:48] Message error: preg_match(): Delimiter must not be alphanumeric or backslash | File: C:\xampp\htdocs\Gallery\vendor\libs\Pagination.php | Line: 82
==================
[2021-12-28 14:14:51] Message error: include_once(..\Models\User.php): failed to open stream: No such file or directory | File: C:\xampp\htdocs\Gallery\app\Controllers\LoginController.php | Line: 5
==================
[2021-12-28 15:05:07] Message error: page not found  controller | File: C:\xampp\htdocs\Gallery\vendor\core\Router.php | Line: 104
==================
[2021-12-28 15:06:07] Message error: page not found  controller | File: C:\xampp\htdocs\Gallery\vendor\core\Router.php | Line: 104
==================
[2021-12-28 15:06:23] Message error: page not found  controller | File: C:\xampp\htdocs\Gallery\vendor\core\Router.php | Line: 104
==================
[2021-12-28 15:06:30] Message error: page not found | File: C:\xampp\htdocs\Gallery\vendor\core\Router.php | Line: 108
==================
[2021-12-28 15:06:40] Message error: page not found | File: C:\xampp\htdocs\Gallery\vendor\core\Router.php | Line: 108
==================
[2021-12-28 15:06:46] Message error: page not found | File: C:\xampp\htdocs\Gallery\vendor\core\Router.php | Line: 108
==================
[2021-12-28 15:08:18] Message error: page not found  controller | File: C:\xampp\htdocs\Gallery\vendor\core\Router.php | Line: 104
==================
[2021-12-28 15:10:33] Message error: page not found  controller | File: C:\xampp\htdocs\Gallery\vendor\core\Router.php | Line: 104
==================
[2021-12-28 15:13:42] Message error: page not found  controller | File: C:\xampp\htdocs\Gallery\vendor\core\Router.php | Line: 104
==================
[2021-12-28 15:16:30] Message error: page not found  controller | File: C:\xampp\htdocs\Gallery\vendor\core\Router.php | Line: 104
==================
[2021-12-28 15:16:50] Message error: page not found  controller | File: C:\xampp\htdocs\Gallery\vendor\core\Router.php | Line: 104
==================
[2021-12-28 15:17:43] Message error: Undefined index: user | File: C:\xampp\htdocs\Gallery\app\Models\User.php | Line: 102
==================
[2021-12-28 15:21:27] Message error: Undefined variable: route | File: C:\xampp\htdocs\Gallery\app\Controllers\MainController.php | Line: 25
==================
[2021-12-28 15:24:45] Message error: page not found  controller | File: C:\xampp\htdocs\Gallery\vendor\core\Router.php | Line: 104
==================
[2021-12-28 15:25:09] Message error: page not found  controller | File: C:\xampp\htdocs\Gallery\vendor\core\Router.php | Line: 104
==================
[2021-12-28 15:25:40] Message error: page not found  controller | File: C:\xampp\htdocs\Gallery\vendor\core\Router.php | Line: 104
==================
[2021-12-28 15:26:56] Message error: include_once(..\Models\User.php): failed to open stream: No such file or directory | File: C:\xampp\htdocs\Gallery\app\Controllers\LoginController.php | Line: 5
==================
[2021-12-28 15:27:29] Message error: page not found  controller | File: C:\xampp\htdocs\Gallery\vendor\core\Router.php | Line: 105
==================
[2021-12-28 15:48:05] Message error: include_once(..\Models\User.php): failed to open stream: No such file or directory | File: C:\xampp\htdocs\Gallery\app\Controllers\LoginController.php | Line: 5
==================
[2021-12-28 15:49:17] Message error: include_once(..\Models\User.php): failed to open stream: No such file or directory | File: C:\xampp\htdocs\Gallery\app\Controllers\LoginController.php | Line: 5
==================
[2021-12-28 15:49:38] Message error: include_once(..\Models\User.php): failed to open stream: No such file or directory | File: C:\xampp\htdocs\Gallery\app\Controllers\LoginController.php | Line: 5
==================
[2021-12-28 15:50:22] Message error: include_once(..\Models\User.php): failed to open stream: No such file or directory | File: C:\xampp\htdocs\Gallery\app\Controllers\LoginController.php | Line: 5
==================
[2021-12-28 15:50:27] Message error: include_once(..\Models\User.php): failed to open stream: No such file or directory | File: C:\xampp\htdocs\Gallery\app\Controllers\LoginController.php | Line: 5
==================
[2021-12-28 15:50:35] Message error: include_once(..\Models\User.php): failed to open stream: No such file or directory | File: C:\xampp\htdocs\Gallery\app\Controllers\LoginController.php | Line: 5
==================
[2021-12-28 15:50:42] Message error: include_once(..\Models\User.php): failed to open stream: No such file or directory | File: C:\xampp\htdocs\Gallery\app\Controllers\LoginController.php | Line: 5
==================
[2021-12-28 15:56:31] Message error: include_once(..\Models\User.php): failed to open stream: No such file or directory | File: C:\xampp\htdocs\Gallery\app\Controllers\LoginController.php | Line: 5
==================
[2021-12-28 15:56:37] Message error: include_once(..\Models\User.php): failed to open stream: No such file or directory | File: C:\xampp\htdocs\Gallery\app\Controllers\LoginController.php | Line: 5
==================
[2021-12-28 15:57:40] Message error: include_once(..\Models\User.php): failed to open stream: No such file or directory | File: C:\xampp\htdocs\Gallery\app\Controllers\LoginController.php | Line: 5
==================
[2021-12-28 16:01:57] Message error: syntax error, unexpected '$route' (T_VARIABLE) | File: C:\xampp\htdocs\Gallery\app\Controllers\BaseController.php | Line: 16
==================
[2021-12-28 16:09:48] Message error: page not found | File: C:\xampp\htdocs\Gallery\vendor\core\Router.php | Line: 108
==================
[2021-12-28 16:09:52] Message error: page not found | File: C:\xampp\htdocs\Gallery\vendor\core\Router.php | Line: 108
==================
[2021-12-28 16:10:55] Message error: page not found | File: C:\xampp\htdocs\Gallery\vendor\core\Router.php | Line: 108
==================
[2021-12-28 16:11:37] Message error: page not found | File: C:\xampp\htdocs\Gallery\vendor\core\Router.php | Line: 108
==================
[2021-12-28 16:11:46] Message error: page not found | File: C:\xampp\htdocs\Gallery\vendor\core\Router.php | Line: 108
==================
[2021-12-28 16:38:48] Message error: page not found | File: C:\xampp\htdocs\Gallery\vendor\core\Router.php | Line: 108
==================
[2021-12-28 16:43:21] Message error: page not found | File: C:\xampp\htdocs\Gallery\vendor\core\Router.php | Line: 108
==================
[2021-12-28 16:46:35] Message error: page not found | File: C:\xampp\htdocs\Gallery\vendor\core\Router.php | Line: 108
==================
[2021-12-28 16:47:06] Message error: page not found | File: C:\xampp\htdocs\Gallery\vendor\core\Router.php | Line: 108
==================
[2021-12-28 16:47:07] Message error: page not found | File: C:\xampp\htdocs\Gallery\vendor\core\Router.php | Line: 108
==================
[2021-12-28 16:47:09] Message error: page not found | File: C:\xampp\htdocs\Gallery\vendor\core\Router.php | Line: 108
==================
[2021-12-28 16:47:16] Message error: page not found  controller | File: C:\xampp\htdocs\Gallery\vendor\core\Router.php | Line: 104
==================
[2021-12-28 16:47:38] Message error: page not found | File: C:\xampp\htdocs\Gallery\vendor\core\Router.php | Line: 108
==================
[2021-12-28 16:48:58] Message error: page not found | File: C:\xampp\htdocs\Gallery\vendor\core\Router.php | Line: 108
==================
[2021-12-29 09:08:06] Message error: page not found | File: C:\xampp\htdocs\Gallery\vendor\core\Router.php | Line: 108
==================
[2021-12-29 09:09:07] Message error: page not found | File: C:\xampp\htdocs\Gallery\vendor\core\Router.php | Line: 108
==================
[2021-12-29 09:35:17] Message error: page not found | File: C:\xampp\htdocs\Gallery\vendor\core\Router.php | Line: 108
==================
[2021-12-29 09:35:21] Message error: page not found | File: C:\xampp\htdocs\Gallery\vendor\core\Router.php | Line: 108
==================
[2021-12-29 09:35:39] Message error: page not found | File: C:\xampp\htdocs\Gallery\vendor\core\Router.php | Line: 108
==================
[2021-12-29 09:36:08] Message error: page not found | File: C:\xampp\htdocs\Gallery\vendor\core\Router.php | Line: 108
==================
[2021-12-29 09:36:11] Message error: page not found | File: C:\xampp\htdocs\Gallery\vendor\core\Router.php | Line: 108
==================
[2021-12-29 09:36:12] Message error: page not found | File: C:\xampp\htdocs\Gallery\vendor\core\Router.php | Line: 108
==================
[2021-12-29 09:37:42] Message error: page not found | File: C:\xampp\htdocs\Gallery\vendor\core\Router.php | Line: 108
==================
[2021-12-29 09:37:49] Message error: page not found | File: C:\xampp\htdocs\Gallery\vendor\core\Router.php | Line: 108
==================
[2021-12-29 09:37:56] Message error: page not found  controller=> action | File: C:\xampp\htdocs\Gallery\vendor\core\Router.php | Line: 101
==================
[2021-12-29 09:39:03] Message error: page not found | File: C:\xampp\htdocs\Gallery\vendor\core\Router.php | Line: 108
==================
[2021-12-29 09:39:09] Message error: page not found  controller=> action | File: C:\xampp\htdocs\Gallery\vendor\core\Router.php | Line: 101
==================
[2021-12-29 09:39:43] Message error: page not found  controller=> action | File: C:\xampp\htdocs\Gallery\vendor\core\Router.php | Line: 102
==================
[2021-12-29 09:39:50] Message error: page not found  controller=> action | File: C:\xampp\htdocs\Gallery\vendor\core\Router.php | Line: 102
==================
[2021-12-29 09:40:12] Message error: page not found  controller | File: C:\xampp\htdocs\Gallery\vendor\core\Router.php | Line: 105
==================
[2021-12-29 09:41:03] Message error: page not found  controller=> action | File: C:\xampp\htdocs\Gallery\vendor\core\Router.php | Line: 101
==================
[2021-12-29 09:41:29] Message error: page not found | File: C:\xampp\htdocs\Gallery\vendor\core\Router.php | Line: 108
==================
[2021-12-29 09:41:34] Message error: page not found  controller=> action | File: C:\xampp\htdocs\Gallery\vendor\core\Router.php | Line: 101
==================
[2021-12-29 09:42:21] Message error: page not found | File: C:\xampp\htdocs\Gallery\vendor\core\Router.php | Line: 108
==================
[2021-12-29 10:35:09] Message error: page not found | File: C:\xampp\htdocs\Gallery\vendor\core\Router.php | Line: 108
==================
[2021-12-29 11:09:58] Message error: Non-static method app\Models\Cabinet::choiseFile() should not be called statically | File: C:\xampp\htdocs\Gallery\app\Controllers\CabinetController.php | Line: 44
==================
[2021-12-29 11:12:57] Message error: Trying to get property 'cabinet' of non-object | File: C:\xampp\htdocs\Gallery\app\Controllers\CabinetController.php | Line: 45
==================
[2021-12-29 11:14:21] Message error: Trying to get property 'cabinet' of non-object | File: C:\xampp\htdocs\Gallery\app\Controllers\CabinetController.php | Line: 45
==================
[2021-12-29 11:15:17] Message error: page not found | File: C:\xampp\htdocs\Gallery\vendor\core\Router.php | Line: 108
==================
[2021-12-29 11:18:15] Message error: include(..\Models\UploadImage.php): failed to open stream: No such file or directory | File: C:\xampp\htdocs\Gallery\Requests\CanUploadFileRequest.php | Line: 5
==================
[2021-12-29 11:30:33] Message error: copy(C://xampp/htdocs/CabinetController/images/64911dXqVqXrNLc.jpg): failed to open stream: No such file or directory | File: C:\xampp\htdocs\Gallery\app\Controllers\CabinetController.php | Line: 77
==================
[2021-12-29 12:01:33] Message error: page not found | File: C:\xampp\htdocs\Gallery\vendor\core\Router.php | Line: 108
==================
[2021-12-29 13:29:05] Message error: page not found  controller=> action | File: C:\xampp\htdocs\Gallery\vendor\core\Router.php | Line: 101
==================
[2021-12-29 13:29:06] Message error: page not found | File: C:\xampp\htdocs\Gallery\vendor\core\Router.php | Line: 108
==================
[2021-12-29 13:29:54] Message error: page not found  controller=> action | File: C:\xampp\htdocs\Gallery\vendor\core\Router.php | Line: 101
==================
[2021-12-29 13:30:57] Message error: page not found | File: C:\xampp\htdocs\Gallery\vendor\core\Router.php | Line: 108
==================
[2021-12-29 13:32:11] Message error: page not found | File: C:\xampp\htdocs\Gallery\vendor\core\Router.php | Line: 108
==================
[2021-12-29 13:32:20] Message error: page not found | File: C:\xampp\htdocs\Gallery\vendor\core\Router.php | Line: 108
==================
[2021-12-29 13:32:21] Message error: page not found | File: C:\xampp\htdocs\Gallery\vendor\core\Router.php | Line: 108
==================
[2021-12-29 14:08:15] Message error: page not found | File: C:\xampp\htdocs\Gallery\vendor\core\Router.php | Line: 108
==================
[2021-12-29 14:18:36] Message error: Too few arguments to function vendor\core\base\Model::getUserId(), 0 passed in C:\xampp\htdocs\Gallery\app\Models\Cabinet.php on line 26 and exactly 1 expected | File: C:\xampp\htdocs\Gallery\vendor\core\base\Model.php | Line: 107
==================
[2021-12-29 14:22:54] Message error: SQLSTATE[42000]: Syntax error or access violation: 1064 You have an error in your SQL syntax; check the manual that corresponds to your MariaDB server version for the right syntax to use near '@gmail.com' at line 1 | File: C:\xampp\htdocs\Gallery\vendor\core\Db.php | Line: 44
==================
[2021-12-29 14:23:27] Message error: SQLSTATE[42000]: Syntax error or access violation: 1064 You have an error in your SQL syntax; check the manual that corresponds to your MariaDB server version for the right syntax to use near '@gmail.com' at line 1 | File: C:\xampp\htdocs\Gallery\vendor\core\Db.php | Line: 44
==================
[2021-12-29 14:23:30] Message error: SQLSTATE[42000]: Syntax error or access violation: 1064 You have an error in your SQL syntax; check the manual that corresponds to your MariaDB server version for the right syntax to use near '@gmail.com' at line 1 | File: C:\xampp\htdocs\Gallery\vendor\core\Db.php | Line: 44
==================
[2021-12-29 14:23:44] Message error: SQLSTATE[42000]: Syntax error or access violation: 1064 You have an error in your SQL syntax; check the manual that corresponds to your MariaDB server version for the right syntax to use near '@gmail.com' at line 1 | File: C:\xampp\htdocs\Gallery\vendor\core\Db.php | Line: 44
==================
[2021-12-29 14:28:30] Message error: Array to string conversion | File: C:\xampp\htdocs\Gallery\app\Models\Cabinet.php | Line: 26
==================
[2021-12-29 14:30:43] Message error: Undefined index: id | File: C:\xampp\htdocs\Gallery\app\Models\Cabinet.php | Line: 28
==================
[2021-12-29 14:31:35] Message error: Array to string conversion | File: C:\xampp\htdocs\Gallery\app\Models\Cabinet.php | Line: 29
==================
[2021-12-29 14:32:37] Message error: SQLSTATE[42000]: Syntax error or access violation: 1064 You have an error in your SQL syntax; check the manual that corresponds to your MariaDB server version for the right syntax to use near '://gallery.local/public/images/63880oH97XQa4Fk.jpg, 70)' at line 1 | File: C:\xampp\htdocs\Gallery\vendor\core\Db.php | Line: 44
==================
[2021-12-29 14:33:32] Message error: SQLSTATE[42000]: Syntax error or access violation: 1064 You have an error in your SQL syntax; check the manual that corresponds to your MariaDB server version for the right syntax to use near '://gallery.local/public/images/15690oH97XQa4Fk.jpg, 70)' at line 1 | File: C:\xampp\htdocs\Gallery\vendor\core\Db.php | Line: 44
==================
[2021-12-29 14:34:51] Message error: SQLSTATE[42000]: Syntax error or access violation: 1064 You have an error in your SQL syntax; check the manual that corresponds to your MariaDB server version for the right syntax to use near 'http://gallery.local/public/images/59700oH97XQa4Fk.jpg',' 70')'' at line 1 | File: C:\xampp\htdocs\Gallery\vendor\core\Db.php | Line: 44
==================
[2021-12-29 14:36:03] Message error: page not found | File: C:\xampp\htdocs\Gallery\vendor\core\Router.php | Line: 108
==================
[2021-12-29 14:36:49] Message error: page not found | File: C:\xampp\htdocs\Gallery\vendor\core\Router.php | Line: 108
==================
[2021-12-29 14:36:50] Message error: page not found | File: C:\xampp\htdocs\Gallery\vendor\core\Router.php | Line: 108
==================
[2021-12-29 14:36:55] Message error: page not found | File: C:\xampp\htdocs\Gallery\vendor\core\Router.php | Line: 108
==================
[2021-12-29 14:38:05] Message error: page not found | File: C:\xampp\htdocs\Gallery\vendor\core\Router.php | Line: 108
==================
[2021-12-29 14:42:51] Message error: page not found | File: C:\xampp\htdocs\Gallery\vendor\core\Router.php | Line: 108
==================
[2021-12-29 14:43:14] Message error: page not found | File: C:\xampp\htdocs\Gallery\vendor\core\Router.php | Line: 108
==================
[2021-12-29 14:47:00] Message error: Array to string conversion | File: C:\xampp\htdocs\Gallery\app\Models\Cabinet.php | Line: 19
==================
[2021-12-29 14:47:23] Message error: page not found | File: C:\xampp\htdocs\Gallery\vendor\core\Router.php | Line: 108
==================
[2021-12-29 14:48:49] Message error: Array to string conversion | File: C:\xampp\htdocs\Gallery\app\Views\Cabinet\index.php | Line: 20
==================
[2021-12-29 14:50:20] Message error: syntax error, unexpected end of file | File: C:\xampp\htdocs\Gallery\app\Views\Cabinet\index.php | Line: 26
==================
[2021-12-29 14:53:36] Message error: error view | File: C:\xampp\htdocs\Gallery\vendor\core\base\View.php | Line: 48
==================
[2021-12-29 14:55:26] Message error: error view | File: C:\xampp\htdocs\Gallery\vendor\core\base\View.php | Line: 48
==================
[2021-12-29 14:56:01] Message error: syntax error, unexpected 'endforeach' (T_ENDFOREACH), expecting ';' or ',' | File: C:\xampp\htdocs\Gallery\app\Views\Cabinet\index.php | Line: 21
==================
[2021-12-29 15:00:37] Message error: Cannot use [] for reading | File: C:\xampp\htdocs\Gallery\app\Controllers\CabinetController.php | Line: 29
==================
[2021-12-30 11:12:29] Message error: page not found | File: C:\xampp\htdocs\Gallery\vendor\core\Router.php | Line: 108
==================
[2021-12-30 11:32:25] Message error: compact(): Undefined variable: $urlimage | File: C:\xampp\htdocs\Gallery\app\Controllers\CabinetController.php | Line: 32
==================
[2021-12-30 11:39:26] Message error: page not found | File: C:\xampp\htdocs\Gallery\vendor\core\Router.php | Line: 108
==================
[2021-12-30 11:40:46] Message error: page not found | File: C:\xampp\htdocs\Gallery\vendor\core\Router.php | Line: 108
==================
[2021-12-30 11:45:58] Message error: page not found | File: C:\xampp\htdocs\Gallery\vendor\core\Router.php | Line: 108
==================
[2021-12-30 11:46:03] Message error: page not found | File: C:\xampp\htdocs\Gallery\vendor\core\Router.php | Line: 108
==================
[2021-12-30 11:52:18] Message error: page not found | File: C:\xampp\htdocs\Gallery\vendor\core\Router.php | Line: 108
==================
[2021-12-30 11:53:20] Message error: page not found | File: C:\xampp\htdocs\Gallery\vendor\core\Router.php | Line: 108
==================
[2021-12-30 11:53:35] Message error: page not found | File: C:\xampp\htdocs\Gallery\vendor\core\Router.php | Line: 108
==================
[2021-12-30 11:53:42] Message error: page not found | File: C:\xampp\htdocs\Gallery\vendor\core\Router.php | Line: 108
==================
[2021-12-30 11:55:00] Message error: page not found | File: C:\xampp\htdocs\Gallery\vendor\core\Router.php | Line: 109
==================
[2021-12-30 11:57:40] Message error: page not found | File: C:\xampp\htdocs\Gallery\vendor\core\Router.php | Line: 115
==================
[2021-12-30 11:58:07] Message error: page not found | File: C:\xampp\htdocs\Gallery\vendor\core\Router.php | Line: 115
==================
[2021-12-30 11:59:40] Message error: page not found | File: C:\xampp\htdocs\Gallery\vendor\core\Router.php | Line: 116
==================
[2021-12-30 12:00:51] Message error: page not found | File: C:\xampp\htdocs\Gallery\vendor\core\Router.php | Line: 116
==================
[2021-12-30 14:11:52] Message error: Undefined index: email | File: C:\xampp\htdocs\Gallery\app\Views\layouts\default.php | Line: 18
==================
[2021-12-30 14:18:52] Message error: Undefined variable: condition | File: C:\xampp\htdocs\Gallery\app\Views\layouts\default.php | Line: 18
==================
[2021-12-30 14:21:17] Message error: Undefined variable: condition | File: C:\xampp\htdocs\Gallery\app\Views\layouts\default.php | Line: 18
==================
[2021-12-30 14:21:29] Message error: Too few arguments to function vendor\core\base\Controller::set(), 0 passed in C:\xampp\htdocs\Gallery\app\Controllers\MainController.php on line 27 and exactly 1 expected | File: C:\xampp\htdocs\Gallery\vendor\core\base\Controller.php | Line: 51
==================
[2021-12-30 14:22:03] Message error: Undefined variable: condition | File: C:\xampp\htdocs\Gallery\app\Views\layouts\default.php | Line: 18
==================
[2021-12-30 14:22:49] Message error: Undefined variable: condition | File: C:\xampp\htdocs\Gallery\app\Views\layouts\default.php | Line: 17
==================
[2021-12-30 14:24:52] Message error: Call to undefined method vendor\core\base\View::set() | File: C:\xampp\htdocs\Gallery\vendor\core\base\View.php | Line: 47
==================
[2021-12-30 14:48:09] Message error: Undefined index: user_id | File: C:\xampp\htdocs\Gallery\app\Controllers\MainController.php | Line: 57
==================
[2021-12-30 14:48:39] Message error: Undefined index: user_id | File: C:\xampp\htdocs\Gallery\app\Controllers\MainController.php | Line: 57
==================
[2021-12-30 14:48:41] Message error: Undefined index: user_id | File: C:\xampp\htdocs\Gallery\app\Controllers\MainController.php | Line: 57
==================
[2021-12-30 14:52:45] Message error: compact(): Undefined variable: uNameme | File: C:\xampp\htdocs\Gallery\app\Controllers\MainController.php | Line: 74
==================
[2021-12-30 14:53:59] Message error: syntax error, unexpected 'public' (T_PUBLIC) | File: C:\xampp\htdocs\Gallery\app\Controllers\MainController.php | Line: 77
==================
[2021-12-30 14:55:43] Message error: compact(): Undefined variable: uName | File: C:\xampp\htdocs\Gallery\app\Controllers\MainController.php | Line: 74
==================
[2021-12-30 14:55:54] Message error: compact(): Undefined variable: uName | File: C:\xampp\htdocs\Gallery\app\Controllers\MainController.php | Line: 74
==================
[2021-12-30 14:56:04] Message error: Undefined variable: uNames | File: C:\xampp\htdocs\Gallery\app\Controllers\MainController.php | Line: 58
==================
[2021-12-30 14:56:13] Message error: compact(): Undefined variable: uName | File: C:\xampp\htdocs\Gallery\app\Controllers\MainController.php | Line: 74
==================
[2021-12-30 14:56:47] Message error: compact(): Undefined variable: uName | File: C:\xampp\htdocs\Gallery\app\Controllers\MainController.php | Line: 75
==================
[2021-12-30 14:57:27] Message error: compact(): Undefined variable: uName | File: C:\xampp\htdocs\Gallery\app\Controllers\MainController.php | Line: 76
==================
[2021-12-30 15:01:50] Message error: Cannot use [] for reading | File: C:\xampp\htdocs\Gallery\app\Views\Main\index.php | Line: 5
==================
[2021-12-30 15:04:11] Message error: Array to string conversion | File: C:\xampp\htdocs\Gallery\app\Views\Main\index.php | Line: 6
==================
[2021-12-30 15:06:01] Message error: Undefined variable: uName | File: C:\xampp\htdocs\Gallery\app\Views\Main\index.php | Line: 7
==================
[2021-12-30 15:09:30] Message error: Undefined variable: image | File: C:\xampp\htdocs\Gallery\app\Controllers\MainController.php | Line: 58
==================
[2021-12-30 15:09:42] Message error: Undefined index: user_id | File: C:\xampp\htdocs\Gallery\app\Controllers\MainController.php | Line: 58
==================
[2021-12-30 15:16:53] Message error: Undefined variable: val | File: C:\xampp\htdocs\Gallery\app\Controllers\MainController.php | Line: 67
==================
[2021-12-30 15:18:03] Message error: syntax error, unexpected '}' | File: C:\xampp\htdocs\Gallery\app\Controllers\MainController.php | Line: 68
==================
[2021-12-30 15:18:11] Message error: Undefined variable: val | File: C:\xampp\htdocs\Gallery\app\Controllers\MainController.php | Line: 69
==================
[2021-12-30 15:18:57] Message error: Undefined variable: val | File: C:\xampp\htdocs\Gallery\app\Controllers\MainController.php | Line: 59
==================
[2021-12-30 15:21:26] Message error: Undefined variable: uNames | File: C:\xampp\htdocs\Gallery\app\Controllers\MainController.php | Line: 71
==================
[2021-12-30 15:30:16] Message error: Array to string conversion | File: C:\xampp\htdocs\Gallery\app\Views\Main\index.php | Line: 5
==================
[2021-12-30 15:38:27] Message error: Undefined index: user | File: C:\xampp\htdocs\Gallery\app\Controllers\MainController.php | Line: 80
==================
[2021-12-30 15:45:23] Message error: Array to string conversion | File: C:\xampp\htdocs\Gallery\app\Views\Main\index.php | Line: 10
==================
[2021-12-30 15:51:16] Message error: Trying to get property 'user' of non-object | File: C:\xampp\htdocs\Gallery\app\Controllers\MainController.php | Line: 79
==================
[2021-12-30 15:51:29] Message error: Undefined index: user | File: C:\xampp\htdocs\Gallery\app\Controllers\MainController.php | Line: 79
==================
[2021-12-30 15:53:07] Message error: Undefined variable: tmp | File: C:\xampp\htdocs\Gallery\app\Controllers\MainController.php | Line: 81
==================
[2021-12-30 15:54:14] Message error: syntax error, unexpected ')' | File: C:\xampp\htdocs\Gallery\app\Controllers\MainController.php | Line: 77
==================
[2021-12-30 15:56:48] Message error: Undefined variable: uNames | File: C:\xampp\htdocs\Gallery\app\Controllers\MainController.php | Line: 80
==================
[2021-12-30 15:59:21] Message error: Undefined variable: uNames | File: C:\xampp\htdocs\Gallery\app\Controllers\MainController.php | Line: 80
==================
[2021-12-30 16:01:28] Message error: Array to string conversion | File: C:\xampp\htdocs\Gallery\app\Controllers\MainController.php | Line: 71
==================
[2021-12-30 16:01:49] Message error: Array to string conversion | File: C:\xampp\htdocs\Gallery\app\Models\Main.php | Line: 28
==================
[2021-12-30 16:03:02] Message error: Array to string conversion | File: C:\xampp\htdocs\Gallery\app\Controllers\MainController.php | Line: 72
==================
[2021-12-30 16:03:09] Message error: SQLSTATE[42000]: Syntax error or access violation: 1064 You have an error in your SQL syntax; check the manual that corresponds to your MariaDB server version for the right syntax to use near ' ' at line 1 | File: C:\xampp\htdocs\Gallery\vendor\core\Db.php | Line: 44
==================
[2021-12-30 16:03:40] Message error: Array to string conversion | File: C:\xampp\htdocs\Gallery\app\Models\Main.php | Line: 28
==================
[2021-12-30 16:07:30] Message error: Undefined variable: tmp | File: C:\xampp\htdocs\Gallery\app\Controllers\MainController.php | Line: 60
==================
[2021-12-30 16:07:50] Message error: SQLSTATE[42000]: Syntax error or access violation: 1064 You have an error in your SQL syntax; check the manual that corresponds to your MariaDB server version for the right syntax to use near ' ' at line 1 | File: C:\xampp\htdocs\Gallery\vendor\core\Db.php | Line: 44
==================
[2021-12-30 16:08:02] Message error: [] operator not supported for strings | File: C:\xampp\htdocs\Gallery\app\Controllers\MainController.php | Line: 59
==================
[2021-12-30 16:08:12] Message error: [] operator not supported for strings | File: C:\xampp\htdocs\Gallery\app\Controllers\MainController.php | Line: 59
==================
[2021-12-30 16:08:13] Message error: [] operator not supported for strings | File: C:\xampp\htdocs\Gallery\app\Controllers\MainController.php | Line: 59
==================
[2021-12-30 16:08:27] Message error: [] operator not supported for strings | File: C:\xampp\htdocs\Gallery\app\Controllers\MainController.php | Line: 59
==================
[2021-12-30 16:08:37] Message error: syntax error, unexpected '=' | File: C:\xampp\htdocs\Gallery\app\Controllers\MainController.php | Line: 63
==================
[2021-12-30 16:08:41] Message error: Array to string conversion | File: C:\xampp\htdocs\Gallery\app\Controllers\MainController.php | Line: 63
==================
[2021-12-30 19:21:27] Message error: page not found | File: C:\xampp\htdocs\Gallery\vendor\core\Router.php | Line: 109
==================
[2021-12-30 20:03:49] Message error: page not found | File: C:\xampp\htdocs\Gallery\vendor\core\Router.php | Line: 109
==================
[2021-12-30 20:04:50] Message error: page not found  controller | File: C:\xampp\htdocs\Gallery\vendor\core\Router.php | Line: 105
==================
[2021-12-30 20:05:03] Message error: page not found  controller | File: C:\xampp\htdocs\Gallery\vendor\core\Router.php | Line: 105
==================
[2021-12-30 20:05:13] Message error: error view | File: C:\xampp\htdocs\Gallery\vendor\core\base\View.php | Line: 53
==================
[2021-12-30 20:05:49] Message error: error view | File: C:\xampp\htdocs\Gallery\vendor\core\base\View.php | Line: 53
==================
[2021-12-30 20:06:14] Message error: error view | File: C:\xampp\htdocs\Gallery\vendor\core\base\View.php | Line: 53
==================
[2021-12-30 20:06:24] Message error: page not found | File: C:\xampp\htdocs\Gallery\vendor\core\Router.php | Line: 109
==================
[2021-12-30 20:11:22] Message error: page not found | File: C:\xampp\htdocs\Gallery\vendor\core\Router.php | Line: 109
==================
[2021-12-30 20:11:33] Message error: page not found  controller=> action | File: C:\xampp\htdocs\Gallery\vendor\core\Router.php | Line: 102
==================
[2021-12-30 20:12:16] Message error: page not found  controller | File: C:\xampp\htdocs\Gallery\vendor\core\Router.php | Line: 105
==================
[2021-12-30 20:15:46] Message error: page not found  controller | File: C:\xampp\htdocs\Gallery\vendor\core\Router.php | Line: 105
==================
[2021-12-30 20:16:02] Message error: page not found  controller=> action | File: C:\xampp\htdocs\Gallery\vendor\core\Router.php | Line: 102
==================
[2021-12-30 20:16:39] Message error: page not found  controller | File: C:\xampp\htdocs\Gallery\vendor\core\Router.php | Line: 105
==================
[2021-12-30 20:17:03] Message error: page not found  controller | File: C:\xampp\htdocs\Gallery\vendor\core\Router.php | Line: 105
==================
[2021-12-30 20:17:07] Message error: page not found  controller | File: C:\xampp\htdocs\Gallery\vendor\core\Router.php | Line: 105
==================
[2021-12-30 20:18:04] Message error: page not found  controller | File: C:\xampp\htdocs\Gallery\vendor\core\Router.php | Line: 106
==================
[2021-12-30 20:25:27] Message error: page not found  controller | File: C:\xampp\htdocs\Gallery\vendor\core\Router.php | Line: 106
==================
[2021-12-30 20:26:35] Message error: page not found  controller | File: C:\xampp\htdocs\Gallery\vendor\core\Router.php | Line: 106
==================
[2021-12-30 20:28:19] Message error: page not found  controller | File: C:\xampp\htdocs\Gallery\vendor\core\Router.php | Line: 106
==================
[2021-12-30 20:29:06] Message error: page not found  controller | File: C:\xampp\htdocs\Gallery\vendor\core\Router.php | Line: 106
==================
[2021-12-30 20:29:44] Message error: page not found  controller | File: C:\xampp\htdocs\Gallery\vendor\core\Router.php | Line: 106
==================
[2021-12-30 20:29:48] Message error: page not found  controller | File: C:\xampp\htdocs\Gallery\vendor\core\Router.php | Line: 106
==================
[2021-12-30 20:31:50] Message error: page not found  controller=> action | File: C:\xampp\htdocs\Gallery\vendor\core\Router.php | Line: 103
==================
[2021-12-30 20:32:12] Message error: page not found  controller | File: C:\xampp\htdocs\Gallery\vendor\core\Router.php | Line: 106
==================
[2021-12-30 20:32:17] Message error: page not found  controller | File: C:\xampp\htdocs\Gallery\vendor\core\Router.php | Line: 106
==================
[2021-12-30 20:32:36] Message error: page not found  controller | File: C:\xampp\htdocs\Gallery\vendor\core\Router.php | Line: 106
==================
[2021-12-30 20:32:40] Message error: page not found  controller | File: C:\xampp\htdocs\Gallery\vendor\core\Router.php | Line: 106
==================
[2021-12-30 20:33:46] Message error: page not found  controller | File: C:\xampp\htdocs\Gallery\vendor\core\Router.php | Line: 106
==================
[2021-12-30 20:33:49] Message error: page not found  controller | File: C:\xampp\htdocs\Gallery\vendor\core\Router.php | Line: 106
==================
[2021-12-30 20:34:21] Message error: page not found  controller | File: C:\xampp\htdocs\Gallery\vendor\core\Router.php | Line: 106
==================
[2021-12-30 20:34:35] Message error: page not found  controller | File: C:\xampp\htdocs\Gallery\vendor\core\Router.php | Line: 106
==================
[2021-12-30 20:35:10] Message error: page not found  controller | File: C:\xampp\htdocs\Gallery\vendor\core\Router.php | Line: 106
==================
[2021-12-30 20:35:14] Message error: page not found  controller | File: C:\xampp\htdocs\Gallery\vendor\core\Router.php | Line: 106
==================
[2021-12-30 20:35:33] Message error: page not found  controller | File: C:\xampp\htdocs\Gallery\vendor\core\Router.php | Line: 106
==================
[2021-12-30 20:35:44] Message error: page not found  controller | File: C:\xampp\htdocs\Gallery\vendor\core\Router.php | Line: 106
==================
[2021-12-30 20:35:48] Message error: page not found  controller | File: C:\xampp\htdocs\Gallery\vendor\core\Router.php | Line: 106
==================
[2021-12-30 20:36:05] Message error: page not found  controller | File: C:\xampp\htdocs\Gallery\vendor\core\Router.php | Line: 106
==================
[2021-12-30 20:36:08] Message error: page not found  controller=> action | File: C:\xampp\htdocs\Gallery\vendor\core\Router.php | Line: 103
==================
[2021-12-30 20:37:05] Message error: page not found | File: C:\xampp\htdocs\Gallery\vendor\core\Router.php | Line: 110
==================
[2021-12-30 20:38:35] Message error: page not found  controller=> action | File: C:\xampp\htdocs\Gallery\vendor\core\Router.php | Line: 103
==================
[2021-12-30 20:38:39] Message error: page not found  controller | File: C:\xampp\htdocs\Gallery\vendor\core\Router.php | Line: 106
==================
[2021-12-30 20:38:56] Message error: page not found  controller=> action | File: C:\xampp\htdocs\Gallery\vendor\core\Router.php | Line: 103
==================
[2021-12-30 20:40:16] Message error: page not found  controller=> action | File: C:\xampp\htdocs\Gallery\vendor\core\Router.php | Line: 103
==================
[2021-12-30 20:40:42] Message error: page not found  controller=> action | File: C:\xampp\htdocs\Gallery\vendor\core\Router.php | Line: 103
==================
[2021-12-30 20:40:46] Message error: page not found  controller | File: C:\xampp\htdocs\Gallery\vendor\core\Router.php | Line: 106
==================
[2021-12-30 20:41:50] Message error: page not found  controller | File: C:\xampp\htdocs\Gallery\vendor\core\Router.php | Line: 106
==================
[2021-12-30 20:42:33] Message error: page not found  controller | File: C:\xampp\htdocs\Gallery\vendor\core\Router.php | Line: 108
==================
[2021-12-30 20:42:45] Message error: page not found  controller | File: C:\xampp\htdocs\Gallery\vendor\core\Router.php | Line: 108
==================
[2021-12-30 20:43:47] Message error: page not found  controller | File: C:\xampp\htdocs\Gallery\vendor\core\Router.php | Line: 105
==================
[2021-12-30 20:43:50] Message error: page not found  controller | File: C:\xampp\htdocs\Gallery\vendor\core\Router.php | Line: 105
==================
[2021-12-30 20:43:51] Message error: page not found  controller | File: C:\xampp\htdocs\Gallery\vendor\core\Router.php | Line: 105
==================
[2021-12-30 20:44:57] Message error: page not found  controller | File: C:\xampp\htdocs\Gallery\vendor\core\Router.php | Line: 105
==================
[2021-12-30 20:45:17] Message error: page not found  controller | File: C:\xampp\htdocs\Gallery\vendor\core\Router.php | Line: 106
==================
[2021-12-30 20:46:39] Message error: page not found  controller | File: C:\xampp\htdocs\Gallery\vendor\core\Router.php | Line: 107
==================
[2021-12-30 20:47:41] Message error: page not found  controller | File: C:\xampp\htdocs\Gallery\vendor\core\Router.php | Line: 108
==================
[2021-12-30 20:48:49] Message error: page not found | File: C:\xampp\htdocs\Gallery\vendor\core\Router.php | Line: 112
==================
[2021-12-30 20:49:34] Message error: page not found  controller | File: C:\xampp\htdocs\Gallery\vendor\core\Router.php | Line: 108
==================
[2021-12-31 08:36:44] Message error: page not found | File: C:\xampp\htdocs\Gallery\vendor\core\Router.php | Line: 113
==================
[2021-12-31 09:12:33] Message error: Undefined variable: key | File: C:\xampp\htdocs\Gallery\app\Controllers\MainController.php | Line: 133
==================
[2021-12-31 09:12:42] Message error: Cannot use [] for reading | File: C:\xampp\htdocs\Gallery\app\Controllers\MainController.php | Line: 133
==================
[2021-12-31 09:22:30] Message error: explode() expects parameter 2 to be string, array given | File: C:\xampp\htdocs\Gallery\app\Controllers\MainController.php | Line: 133
==================
[2021-12-31 09:23:26] Message error: explode() expects parameter 2 to be string, array given | File: C:\xampp\htdocs\Gallery\app\Controllers\MainController.php | Line: 135
==================
[2021-12-31 09:24:02] Message error: Undefined offset: 0 | File: C:\xampp\htdocs\Gallery\app\Controllers\MainController.php | Line: 133
==================
[2021-12-31 09:26:58] Message error: page not found | File: C:\xampp\htdocs\Gallery\vendor\core\Router.php | Line: 112
==================
[2021-12-31 09:27:55] Message error: page not found | File: C:\xampp\htdocs\Gallery\vendor\core\Router.php | Line: 112
==================
[2021-12-31 09:29:33] Message error: page not found | File: C:\xampp\htdocs\Gallery\vendor\core\Router.php | Line: 112
==================
[2021-12-31 09:29:37] Message error: page not found | File: C:\xampp\htdocs\Gallery\vendor\core\Router.php | Line: 112
==================
[2021-12-31 09:45:26] Message error: Array to string conversion | File: C:\xampp\htdocs\Gallery\app\Models\Main.php | Line: 47
==================
[2021-12-31 09:46:05] Message error: Array to string conversion | File: C:\xampp\htdocs\Gallery\app\Models\Main.php | Line: 48
==================
[2021-12-31 09:46:38] Message error: Array to string conversion | File: C:\xampp\htdocs\Gallery\app\Models\Main.php | Line: 48
==================
[2021-12-31 09:47:26] Message error: error view | File: C:\xampp\htdocs\Gallery\vendor\core\base\View.php | Line: 53
==================
[2021-12-31 09:51:08] Message error: compact(): Undefined variable: pagination | File: C:\xampp\htdocs\Gallery\app\Controllers\MainController.php | Line: 140
==================
[2021-12-31 09:52:44] Message error: error view | File: C:\xampp\htdocs\Gallery\vendor\core\base\View.php | Line: 53
==================
[2021-12-31 09:54:29] Message error: error view | File: C:\xampp\htdocs\Gallery\vendor\core\base\View.php | Line: 53
==================
[2021-12-31 09:54:31] Message error: error view | File: C:\xampp\htdocs\Gallery\vendor\core\base\View.php | Line: 53
==================
[2021-12-31 09:54:35] Message error: error view | File: C:\xampp\htdocs\Gallery\vendor\core\base\View.php | Line: 53
==================
[2021-12-31 09:54:57] Message error: error view | File: C:\xampp\htdocs\Gallery\vendor\core\base\View.php | Line: 53
==================
[2021-12-31 09:55:23] Message error: error view | File: C:\xampp\htdocs\Gallery\vendor\core\base\View.php | Line: 54
==================
[2021-12-31 09:57:05] Message error: error view | File: C:\xampp\htdocs\Gallery\vendor\core\base\View.php | Line: 55
==================
[2021-12-31 09:58:43] Message error: Undefined variable: objImage | File: C:\xampp\htdocs\Gallery\app\Views\Main\view.php | Line: 4
==================
[2021-12-31 09:59:03] Message error: Undefined index: user | File: C:\xampp\htdocs\Gallery\app\Views\Main\view.php | Line: 6
==================
[2021-12-31 10:08:56] Message error: page not found | File: C:\xampp\htdocs\Gallery\vendor\core\Router.php | Line: 112
==================
[2021-12-31 10:10:53] Message error: page not found | File: C:\xampp\htdocs\Gallery\vendor\core\Router.php | Line: 112
==================
[2021-12-31 10:41:48] Message error: page not found | File: C:\xampp\htdocs\Gallery\vendor\core\Router.php | Line: 112
==================
[2022-01-02 13:59:22] Message error: page not found | File: C:\xampp\htdocs\Gallery\vendor\core\Router.php | Line: 112
==================
[2022-01-02 14:54:00] Message error: page not found  controller | File: C:\xampp\htdocs\Gallery\vendor\core\Router.php | Line: 108
==================
[2022-01-02 14:54:23] Message error: Undefined index: HTTP_REFERER | File: C:\xampp\htdocs\Gallery\app\Controllers\MainController.php | Line: 155
==================
[2022-01-02 14:55:25] Message error: page not found  controller | File: C:\xampp\htdocs\Gallery\vendor\core\Router.php | Line: 108
==================
[2022-01-02 14:55:43] Message error: Undefined index: HTTP_REFERER | File: C:\xampp\htdocs\Gallery\app\Controllers\MainController.php | Line: 155
==================
[2022-01-02 14:56:20] Message error: Undefined index: HTTP_REFERER | File: C:\xampp\htdocs\Gallery\app\Controllers\MainController.php | Line: 151
==================
[2022-01-02 14:56:25] Message error: Undefined index: HTTP_REFERER | File: C:\xampp\htdocs\Gallery\app\Controllers\MainController.php | Line: 151
==================
[2022-01-02 15:00:48] Message error: Call to undefined method app\Models\Main::setLike() | File: C:\xampp\htdocs\Gallery\app\Controllers\MainController.php | Line: 155
==================
[2022-01-02 15:08:46] Message error: SQLSTATE[23000]: Integrity constraint violation: 1452 Cannot add or update a child row: a foreign key constraint fails (`gallery`.`gallery_image`, CONSTRAINT `gallery_image_ibfk_1` FOREIGN KEY (`user_id`) REFERENCES `users` (`id`)) | File: C:\xampp\htdocs\Gallery\vendor\core\Db.php | Line: 44
==================
[2022-01-02 15:08:52] Message error: SQLSTATE[23000]: Integrity constraint violation: 1452 Cannot add or update a child row: a foreign key constraint fails (`gallery`.`gallery_image`, CONSTRAINT `gallery_image_ibfk_1` FOREIGN KEY (`user_id`) REFERENCES `users` (`id`)) | File: C:\xampp\htdocs\Gallery\vendor\core\Db.php | Line: 44
==================
[2022-01-02 15:09:55] Message error: SQLSTATE[23000]: Integrity constraint violation: 1452 Cannot add or update a child row: a foreign key constraint fails (`gallery`.`gallery_image`, CONSTRAINT `gallery_image_ibfk_1` FOREIGN KEY (`user_id`) REFERENCES `users` (`id`)) | File: C:\xampp\htdocs\Gallery\vendor\core\Db.php | Line: 44
==================
[2022-01-02 15:10:35] Message error: SQLSTATE[23000]: Integrity constraint violation: 1452 Cannot add or update a child row: a foreign key constraint fails (`gallery`.`gallery_image`, CONSTRAINT `gallery_image_ibfk_1` FOREIGN KEY (`user_id`) REFERENCES `users` (`id`)) | File: C:\xampp\htdocs\Gallery\vendor\core\Db.php | Line: 44
==================
[2022-01-02 15:46:42] Message error: A non-numeric value encountered | File: C:\xampp\htdocs\Gallery\app\Controllers\MainController.php | Line: 153
==================
[2022-01-02 15:47:13] Message error: A non-numeric value encountered | File: C:\xampp\htdocs\Gallery\app\Controllers\MainController.php | Line: 153
==================
[2022-01-02 15:47:25] Message error: A non-numeric value encountered | File: C:\xampp\htdocs\Gallery\app\Controllers\MainController.php | Line: 153
==================
[2022-01-02 15:47:55] Message error: Undefined index: value | File: C:\xampp\htdocs\Gallery\app\Controllers\MainController.php | Line: 152
==================
[2022-01-02 16:44:23] Message error: SQLSTATE[23000]: Integrity constraint violation: 1452 Cannot add or update a child row: a foreign key constraint fails (`gallery`.`gallery_image`, CONSTRAINT `gallery_image_ibfk_1` FOREIGN KEY (`user_id`) REFERENCES `users` (`id`)) | File: C:\xampp\htdocs\Gallery\vendor\core\Db.php | Line: 44
==================
[2022-01-02 16:49:22] Message error: page not found | File: C:\xampp\htdocs\Gallery\vendor\core\Router.php | Line: 112
==================
[2022-01-02 16:50:51] Message error: page not found | File: C:\xampp\htdocs\Gallery\vendor\core\Router.php | Line: 112
==================
[2022-01-02 16:50:53] Message error: page not found | File: C:\xampp\htdocs\Gallery\vendor\core\Router.php | Line: 112
==================
[2022-01-02 16:50:57] Message error: page not found | File: C:\xampp\htdocs\Gallery\vendor\core\Router.php | Line: 112
==================
[2022-01-02 16:51:19] Message error: page not found | File: C:\xampp\htdocs\Gallery\vendor\core\Router.php | Line: 112
==================
[2022-01-02 16:51:36] Message error: page not found | File: C:\xampp\htdocs\Gallery\vendor\core\Router.php | Line: 112
==================
[2022-01-02 16:52:26] Message error: Undefined offset: 0 | File: C:\xampp\htdocs\Gallery\app\Models\Main.php | Line: 49
==================
[2022-01-02 16:52:29] Message error: Undefined offset: 0 | File: C:\xampp\htdocs\Gallery\app\Models\Main.php | Line: 49
==================
[2022-01-02 16:53:51] Message error: Undefined offset: 0 | File: C:\xampp\htdocs\Gallery\app\Models\Main.php | Line: 49
==================
[2022-01-02 16:54:09] Message error: Undefined offset: 0 | File: C:\xampp\htdocs\Gallery\app\Models\Main.php | Line: 49
==================
[2022-01-02 16:54:17] Message error: Undefined offset: 0 | File: C:\xampp\htdocs\Gallery\app\Models\Main.php | Line: 49
==================
[2022-01-02 16:54:27] Message error: Undefined offset: 0 | File: C:\xampp\htdocs\Gallery\app\Models\Main.php | Line: 49
==================
[2022-01-02 16:55:49] Message error: page not found  controller | File: C:\xampp\htdocs\Gallery\vendor\core\Router.php | Line: 108
==================
[2022-01-02 16:56:22] Message error: page not found  controller | File: C:\xampp\htdocs\Gallery\vendor\core\Router.php | Line: 108
==================
[2022-01-02 16:57:09] Message error: preg_match(): Compilation failed: two named subpatterns have the same name (PCRE2_DUPNAMES not set) at offset 36 | File: C:\xampp\htdocs\Gallery\vendor\core\Router.php | Line: 58
==================
[2022-01-02 16:57:15] Message error: preg_match(): Compilation failed: two named subpatterns have the same name (PCRE2_DUPNAMES not set) at offset 36 | File: C:\xampp\htdocs\Gallery\vendor\core\Router.php | Line: 58
==================
[2022-01-02 16:57:16] Message error: preg_match(): Compilation failed: two named subpatterns have the same name (PCRE2_DUPNAMES not set) at offset 36 | File: C:\xampp\htdocs\Gallery\vendor\core\Router.php | Line: 58
==================
[2022-01-02 16:57:18] Message error: preg_match(): Compilation failed: two named subpatterns have the same name (PCRE2_DUPNAMES not set) at offset 36 | File: C:\xampp\htdocs\Gallery\vendor\core\Router.php | Line: 58
==================
[2022-01-02 16:57:19] Message error: preg_match(): Compilation failed: two named subpatterns have the same name (PCRE2_DUPNAMES not set) at offset 36 | File: C:\xampp\htdocs\Gallery\vendor\core\Router.php | Line: 58
==================
[2022-01-02 16:57:21] Message error: preg_match(): Compilation failed: two named subpatterns have the same name (PCRE2_DUPNAMES not set) at offset 36 | File: C:\xampp\htdocs\Gallery\vendor\core\Router.php | Line: 58
==================
[2022-01-02 16:57:21] Message error: preg_match(): Compilation failed: two named subpatterns have the same name (PCRE2_DUPNAMES not set) at offset 36 | File: C:\xampp\htdocs\Gallery\vendor\core\Router.php | Line: 58
==================
[2022-01-02 16:57:47] Message error: page not found | File: C:\xampp\htdocs\Gallery\vendor\core\Router.php | Line: 112
==================
[2022-01-02 16:58:08] Message error: page not found | File: C:\xampp\htdocs\Gallery\vendor\core\Router.php | Line: 112
==================
[2022-01-02 16:58:18] Message error: page not found | File: C:\xampp\htdocs\Gallery\vendor\core\Router.php | Line: 112
==================
[2022-01-02 16:58:30] Message error: page not found | File: C:\xampp\htdocs\Gallery\vendor\core\Router.php | Line: 112
==================
[2022-01-02 16:58:37] Message error: page not found | File: C:\xampp\htdocs\Gallery\vendor\core\Router.php | Line: 112
==================
[2022-01-02 16:58:49] Message error: page not found | File: C:\xampp\htdocs\Gallery\vendor\core\Router.php | Line: 112
==================
[2022-01-02 16:58:52] Message error: page not found | File: C:\xampp\htdocs\Gallery\vendor\core\Router.php | Line: 112
==================
[2022-01-02 16:58:59] Message error: page not found | File: C:\xampp\htdocs\Gallery\vendor\core\Router.php | Line: 112
==================
[2022-01-02 17:00:41] Message error: page not found | File: C:\xampp\htdocs\Gallery\vendor\core\Router.php | Line: 112
==================
[2022-01-02 17:00:46] Message error: page not found | File: C:\xampp\htdocs\Gallery\vendor\core\Router.php | Line: 112
==================
[2022-01-02 17:01:00] Message error: page not found  controller=> action | File: C:\xampp\htdocs\Gallery\vendor\core\Router.php | Line: 105
==================
[2022-01-02 17:02:06] Message error: Undefined offset: 0 | File: C:\xampp\htdocs\Gallery\app\Models\Main.php | Line: 49
==================
[2022-01-02 17:02:44] Message error: Use of undefined constant dei - assumed 'dei' (this will throw an Error in a future version of PHP) | File: C:\xampp\htdocs\Gallery\app\Models\Main.php | Line: 49
==================
[2022-01-02 17:16:21] Message error: Undefined index: id | File: C:\xampp\htdocs\Gallery\app\Models\Main.php | Line: 49
==================
[2022-01-02 17:17:16] Message error: Undefined index: id | File: C:\xampp\htdocs\Gallery\app\Models\Main.php | Line: 49
==================
[2022-01-02 17:17:38] Message error: Illegal string offset 'id' | File: C:\xampp\htdocs\Gallery\app\Models\Main.php | Line: 49
==================
[2022-01-02 17:18:17] Message error: Illegal string offset 'id' | File: C:\xampp\htdocs\Gallery\app\Models\Main.php | Line: 49
==================
[2022-01-02 17:18:50] Message error: Call to undefined method app\Controllers\ViewController::set() | File: C:\xampp\htdocs\Gallery\app\Controllers\ViewController.php | Line: 30
==================
[2022-01-02 17:20:14] Message error: error view | File: C:\xampp\htdocs\Gallery\vendor\core\base\View.php | Line: 53
==================
[2022-01-02 17:33:07] Message error: A non well formed numeric value encountered | File: C:\xampp\htdocs\Gallery\app\Controllers\MainController.php | Line: 136
==================
[2022-01-02 17:35:23] Message error: A non well formed numeric value encountered | File: C:\xampp\htdocs\Gallery\app\Controllers\MainController.php | Line: 136
==================
[2022-01-02 17:48:31] Message error: Undefined offset: 0 | File: C:\xampp\htdocs\Gallery\app\Models\Main.php | Line: 49
==================
[2022-01-02 17:48:58] Message error: Undefined offset: 0 | File: C:\xampp\htdocs\Gallery\app\Models\Main.php | Line: 49
==================
[2022-01-02 17:49:50] Message error: Undefined offset: 0 | File: C:\xampp\htdocs\Gallery\app\Models\Main.php | Line: 49
==================
[2022-01-02 17:51:00] Message error: Undefined offset: 0 | File: C:\xampp\htdocs\Gallery\app\Models\Main.php | Line: 49
==================
[2022-01-02 18:12:22] Message error: Undefined index: id | File: C:\xampp\htdocs\Gallery\app\Controllers\MainController.php | Line: 137
==================
[2022-01-02 18:13:39] Message error: Undefined index: id | File: C:\xampp\htdocs\Gallery\app\Controllers\MainController.php | Line: 137
==================
[2022-01-02 18:14:23] Message error: Undefined index: id | File: C:\xampp\htdocs\Gallery\app\Controllers\MainController.php | Line: 137
==================
[2022-01-02 18:15:00] Message error: Undefined index: id | File: C:\xampp\htdocs\Gallery\app\Controllers\MainController.php | Line: 137
==================
[2022-01-02 18:15:53] Message error: Undefined index: id | File: C:\xampp\htdocs\Gallery\app\Controllers\MainController.php | Line: 137
==================
[2022-01-02 18:17:29] Message error: Undefined index: id | File: C:\xampp\htdocs\Gallery\app\Controllers\MainController.php | Line: 138
==================
[2022-01-02 18:18:06] Message error: Undefined index: id | File: C:\xampp\htdocs\Gallery\app\Controllers\MainController.php | Line: 138
==================
[2022-01-02 18:18:09] Message error: Undefined index: id | File: C:\xampp\htdocs\Gallery\app\Controllers\MainController.php | Line: 138
==================
[2022-01-02 18:18:19] Message error: Undefined index: id | File: C:\xampp\htdocs\Gallery\app\Controllers\MainController.php | Line: 138
==================
[2022-01-02 18:18:37] Message error: Undefined index: id | File: C:\xampp\htdocs\Gallery\app\Controllers\MainController.php | Line: 138
==================
[2022-01-02 18:19:19] Message error: Undefined index: id | File: C:\xampp\htdocs\Gallery\app\Controllers\MainController.php | Line: 138
==================
[2022-01-02 18:21:30] Message error: Undefined index: id | File: C:\xampp\htdocs\Gallery\app\Controllers\MainController.php | Line: 138
==================
[2022-01-02 18:23:22] Message error: Undefined index: id | File: C:\xampp\htdocs\Gallery\app\Controllers\MainController.php | Line: 138
==================
[2022-01-02 18:23:59] Message error: Undefined index: id | File: C:\xampp\htdocs\Gallery\app\Controllers\MainController.php | Line: 138
==================
[2022-01-02 18:24:01] Message error: Undefined index: id | File: C:\xampp\htdocs\Gallery\app\Controllers\MainController.php | Line: 138
==================
[2022-01-02 18:24:04] Message error: Undefined index: id | File: C:\xampp\htdocs\Gallery\app\Controllers\MainController.php | Line: 138
==================
[2022-01-02 18:25:30] Message error: Undefined index: id | File: C:\xampp\htdocs\Gallery\app\Controllers\MainController.php | Line: 138
==================
[2022-01-02 18:26:01] Message error: Undefined index: id | File: C:\xampp\htdocs\Gallery\app\Controllers\MainController.php | Line: 138
==================
[2022-01-02 18:26:21] Message error: Undefined index: id | File: C:\xampp\htdocs\Gallery\app\Controllers\MainController.php | Line: 138
==================
[2022-01-02 18:26:30] Message error: Undefined index: id | File: C:\xampp\htdocs\Gallery\app\Controllers\MainController.php | Line: 138
==================
[2022-01-02 18:27:02] Message error: Undefined index: id | File: C:\xampp\htdocs\Gallery\app\Controllers\MainController.php | Line: 138
==================
[2022-01-02 18:28:27] Message error: Undefined index: id | File: C:\xampp\htdocs\Gallery\app\Controllers\MainController.php | Line: 140
==================
[2022-01-02 18:28:37] Message error: Undefined index: id | File: C:\xampp\htdocs\Gallery\app\Controllers\MainController.php | Line: 140
==================
[2022-01-02 18:41:02] Message error: Illegal string offset 'user_id' | File: C:\xampp\htdocs\Gallery\app\Models\Main.php | Line: 56
==================
[2022-01-02 19:31:37] Message error: page not found | File: C:\xampp\htdocs\Gallery\vendor\core\Router.php | Line: 109
==================
[2022-01-02 19:34:23] Message error: Array to string conversion | File: C:\xampp\htdocs\Gallery\app\Controllers\MainController.php | Line: 142
==================
[2022-01-02 19:34:35] Message error: Array to string conversion | File: C:\xampp\htdocs\Gallery\app\Controllers\MainController.php | Line: 142
==================
[2022-01-02 19:38:26] Message error: Array to string conversion | File: C:\xampp\htdocs\Gallery\app\Controllers\MainController.php | Line: 140
==================
[2022-01-02 19:38:33] Message error: Array to string conversion | File: C:\xampp\htdocs\Gallery\app\Controllers\MainController.php | Line: 140
==================
[2022-01-02 19:42:04] Message error: Undefined offset: 0 | File: C:\xampp\htdocs\Gallery\vendor\core\base\Model.php | Line: 87
==================
[2022-01-02 19:42:23] Message error: Undefined offset: 0 | File: C:\xampp\htdocs\Gallery\vendor\core\base\Model.php | Line: 87
==================
[2022-01-02 19:42:41] Message error: Undefined offset: 0 | File: C:\xampp\htdocs\Gallery\vendor\core\base\Model.php | Line: 87
==================
[2022-01-02 19:42:42] Message error: Undefined offset: 0 | File: C:\xampp\htdocs\Gallery\vendor\core\base\Model.php | Line: 87
==================
[2022-01-02 19:43:17] Message error: Undefined offset: 0 | File: C:\xampp\htdocs\Gallery\vendor\core\base\Model.php | Line: 87
==================
[2022-01-02 19:46:05] Message error: Undefined property: app\Models\Main::$stmt | File: C:\xampp\htdocs\Gallery\app\Models\Main.php | Line: 58
==================
[2022-01-02 19:47:16] Message error: Call to undefined function app\Controllers\typeof() | File: C:\xampp\htdocs\Gallery\app\Controllers\MainController.php | Line: 140
==================
[2022-01-02 19:49:08] Message error: error view | File: C:\xampp\htdocs\Gallery\vendor\core\base\View.php | Line: 53
==================
[2022-01-02 19:49:13] Message error: error view | File: C:\xampp\htdocs\Gallery\vendor\core\base\View.php | Line: 53
==================
[2022-01-02 19:49:42] Message error: error view | File: C:\xampp\htdocs\Gallery\vendor\core\base\View.php | Line: 53
==================
[2022-01-02 19:49:57] Message error: error view | File: C:\xampp\htdocs\Gallery\vendor\core\base\View.php | Line: 53
==================
[2022-01-02 19:54:36] Message error: syntax error, unexpected '*' | File: C:\xampp\htdocs\Gallery\app\Controllers\MainController.php | Line: 143
==================
[2022-01-02 19:56:04] Message error: error view | File: C:\xampp\htdocs\Gallery\vendor\core\base\View.php | Line: 53
==================
[2022-01-02 20:09:10] Message error: compact(): Undefined variable: 6 | File: C:\xampp\htdocs\Gallery\app\Controllers\MainController.php | Line: 143
==================
[2022-01-02 20:09:16] Message error: compact(): Undefined variable: 7 | File: C:\xampp\htdocs\Gallery\app\Controllers\MainController.php | Line: 143
==================
[2022-01-02 20:09:26] Message error: compact(): Undefined variable: 2 | File: C:\xampp\htdocs\Gallery\app\Controllers\MainController.php | Line: 143
==================
[2022-01-02 20:09:55] Message error: require(C:\xampp\htdocs\Gallery/app/views/Main/View/index.php): failed to open stream: No such file or directory | File: C:\xampp\htdocs\Gallery\vendor\core\base\Controller.php | Line: 68
==================
[2022-01-02 20:10:54] Message error: require(C:\xampp\htdocs\Gallery/app/views/Main/view/index.php): failed to open stream: No such file or directory | File: C:\xampp\htdocs\Gallery\vendor\core\base\Controller.php | Line: 68
==================
[2022-01-02 20:12:08] Message error: require(C:\xampp\htdocs\Gallery/app/views/Main/view/index.php): failed to open stream: No such file or directory | File: C:\xampp\htdocs\Gallery\vendor\core\base\Controller.php | Line: 69
==================
[2022-01-02 20:15:59] Message error: Undefined variable: imagesUser | File: C:\xampp\htdocs\Gallery\app\Views\View\index.php | Line: 4
==================
[2022-01-02 20:17:37] Message error: Undefined variable: imagesUser | File: C:\xampp\htdocs\Gallery\app\Views\View\index.php | Line: 4
==================
[2022-01-02 20:21:35] Message error: Undefined index: likes | File: C:\xampp\htdocs\Gallery\app\Controllers\MainController.php | Line: 141
==================
[2022-01-02 20:22:18] Message error: Undefined variable: imagesUser | File: C:\xampp\htdocs\Gallery\app\Views\View\index.php | Line: 4
==================
[2022-01-02 20:27:46] Message error: Undefined variable: imagesUser | File: C:\xampp\htdocs\Gallery\app\Views\View\index.php | Line: 4
==================
[2022-01-02 20:29:59] Message error: Undefined index: likes | File: C:\xampp\htdocs\Gallery\app\Views\Main\index.php | Line: 4
==================
[2022-01-02 20:30:16] Message error: Undefined index: likes | File: C:\xampp\htdocs\Gallery\app\Views\Main\index.php | Line: 39
==================
[2022-01-02 20:30:20] Message error: Undefined variable: imagesUser | File: C:\xampp\htdocs\Gallery\app\Views\View\index.php | Line: 4
==================
[2022-01-02 20:30:28] Message error: Undefined index: likes | File: C:\xampp\htdocs\Gallery\app\Views\Main\index.php | Line: 39
==================
[2022-01-02 20:30:30] Message error: Undefined variable: imagesUser | File: C:\xampp\htdocs\Gallery\app\Views\View\index.php | Line: 4
==================
[2022-01-02 20:30:36] Message error: Undefined variable: imagesUser | File: C:\xampp\htdocs\Gallery\app\Views\View\index.php | Line: 4
==================
[2022-01-02 20:30:39] Message error: Undefined variable: imagesUser | File: C:\xampp\htdocs\Gallery\app\Views\View\index.php | Line: 4
==================
[2022-01-02 20:30:59] Message error: Undefined index: likes | File: C:\xampp\htdocs\Gallery\app\Views\Main\index.php | Line: 39
==================
[2022-01-02 20:31:01] Message error: Undefined variable: imagesUser | File: C:\xampp\htdocs\Gallery\app\Views\View\index.php | Line: 4
==================
[2022-01-02 20:31:27] Message error: Undefined variable: imagesUser | File: C:\xampp\htdocs\Gallery\app\Views\View\index.php | Line: 4
==================
[2022-01-02 20:32:46] Message error: Array to string conversion | File: C:\xampp\htdocs\Gallery\app\Views\Main\index.php | Line: 10
==================
[2022-01-02 20:32:59] Message error: Array to string conversion | File: C:\xampp\htdocs\Gallery\app\Views\Main\index.php | Line: 10
==================
[2022-01-02 20:33:05] Message error: Array to string conversion | File: C:\xampp\htdocs\Gallery\app\Views\Main\index.php | Line: 10
==================
[2022-01-02 20:33:17] Message error: Undefined index: item | File: C:\xampp\htdocs\Gallery\app\Views\Main\index.php | Line: 10
==================
[2022-01-02 20:33:25] Message error: Undefined index: likes | File: C:\xampp\htdocs\Gallery\app\Views\Main\index.php | Line: 10
==================
[2022-01-02 20:33:26] Message error: Undefined index: likes | File: C:\xampp\htdocs\Gallery\app\Views\Main\index.php | Line: 10
==================
[2022-01-02 20:33:32] Message error: Undefined index: likes | File: C:\xampp\htdocs\Gallery\app\Views\Main\index.php | Line: 10
==================
[2022-01-02 20:34:00] Message error: Undefined index: likes | File: C:\xampp\htdocs\Gallery\app\Views\Main\index.php | Line: 10
==================
[2022-01-02 20:38:48] Message error: require(C:\xampp\htdocs\Gallery/app/views/Main/View/index.php): failed to open stream: No such file or directory | File: C:\xampp\htdocs\Gallery\vendor\core\base\Controller.php | Line: 68
==================
[2022-01-02 20:41:38] Message error: Undefined offset: 0 | File: C:\xampp\htdocs\Gallery\app\Views\Main\test.php | Line: 2
==================
[2022-01-02 20:46:38] Message error: Undefined variable: item | File: C:\xampp\htdocs\Gallery\app\Views\Main\test.php | Line: 1
==================
[2022-01-02 20:48:56] Message error: Undefined index: likes | File: C:\xampp\htdocs\Gallery\app\Views\Main\test.php | Line: 1
==================
[2022-01-02 20:48:59] Message error: Undefined index: likes | File: C:\xampp\htdocs\Gallery\app\Views\Main\test.php | Line: 1
==================
[2022-01-03 12:22:02] Message error: page not found | File: C:\xampp\htdocs\Gallery\vendor\core\Router.php | Line: 109
==================
[2022-01-03 12:22:13] Message error: page not found | File: C:\xampp\htdocs\Gallery\vendor\core\Router.php | Line: 109
==================
[2022-01-03 12:22:43] Message error: Undefined index: likes | File: C:\xampp\htdocs\Gallery\app\Views\Main\test.php | Line: 1
==================
[2022-01-03 12:26:09] Message error: error view | File: C:\xampp\htdocs\Gallery\vendor\core\base\View.php | Line: 53
==================
[2022-01-03 13:36:03] Message error: error view | File: C:\xampp\htdocs\Gallery\vendor\core\base\View.php | Line: 53
==================
[2022-01-03 13:36:45] Message error: error view | File: C:\xampp\htdocs\Gallery\vendor\core\base\View.php | Line: 53
==================
[2022-01-03 13:40:00] Message error: page not found | File: C:\xampp\htdocs\Gallery\vendor\core\Router.php | Line: 109
==================
[2022-01-03 13:41:15] Message error: page not found  controller=> action | File: C:\xampp\htdocs\Gallery\vendor\core\Router.php | Line: 102
==================
[2022-01-03 13:41:18] Message error: page not found  controller=> action | File: C:\xampp\htdocs\Gallery\vendor\core\Router.php | Line: 102
==================
[2022-01-03 13:41:50] Message error: page not found  controller=> action | File: C:\xampp\htdocs\Gallery\vendor\core\Router.php | Line: 102
==================
[2022-01-03 13:41:51] Message error: page not found  controller=> action | File: C:\xampp\htdocs\Gallery\vendor\core\Router.php | Line: 102
==================
[2022-01-03 13:41:53] Message error: page not found  controller=> action | File: C:\xampp\htdocs\Gallery\vendor\core\Router.php | Line: 102
==================
[2022-01-03 13:42:05] Message error: page not found  controller=> action | File: C:\xampp\htdocs\Gallery\vendor\core\Router.php | Line: 102
==================
[2022-01-03 13:42:06] Message error: page not found  controller=> action | File: C:\xampp\htdocs\Gallery\vendor\core\Router.php | Line: 102
==================
[2022-01-03 13:42:08] Message error: page not found  controller=> action | File: C:\xampp\htdocs\Gallery\vendor\core\Router.php | Line: 102
==================
[2022-01-03 13:42:33] Message error: page not found  controller=> action | File: C:\xampp\htdocs\Gallery\vendor\core\Router.php | Line: 103
==================
[2022-01-03 13:43:16] Message error: page not found | File: C:\xampp\htdocs\Gallery\vendor\core\Router.php | Line: 110
==================
[2022-01-03 13:43:20] Message error: page not found | File: C:\xampp\htdocs\Gallery\vendor\core\Router.php | Line: 110
==================
[2022-01-03 13:43:25] Message error: page not found  controller=> action | File: C:\xampp\htdocs\Gallery\vendor\core\Router.php | Line: 103
==================
[2022-01-03 13:43:39] Message error: page not found  controller=> action | File: C:\xampp\htdocs\Gallery\vendor\core\Router.php | Line: 103
==================
[2022-01-03 13:43:40] Message error: page not found  controller=> action | File: C:\xampp\htdocs\Gallery\vendor\core\Router.php | Line: 103
==================
[2022-01-03 13:43:42] Message error: page not found  controller=> action | File: C:\xampp\htdocs\Gallery\vendor\core\Router.php | Line: 103
==================
[2022-01-03 13:44:02] Message error: page not found  controller=> action | File: C:\xampp\htdocs\Gallery\vendor\core\Router.php | Line: 103
==================
[2022-01-03 13:44:03] Message error: page not found  controller=> action | File: C:\xampp\htdocs\Gallery\vendor\core\Router.php | Line: 103
==================
[2022-01-03 13:44:13] Message error: page not found  controller=> action | File: C:\xampp\htdocs\Gallery\vendor\core\Router.php | Line: 103
==================
[2022-01-03 13:45:42] Message error: Undefined index: controller | File: C:\xampp\htdocs\Gallery\vendor\core\Router.php | Line: 74
==================
[2022-01-03 13:45:52] Message error: Undefined index: controller | File: C:\xampp\htdocs\Gallery\vendor\core\Router.php | Line: 74
==================
[2022-01-03 13:45:55] Message error: Undefined index: controller | File: C:\xampp\htdocs\Gallery\vendor\core\Router.php | Line: 74
==================
[2022-01-03 13:46:52] Message error: page not found  controller=> action | File: C:\xampp\htdocs\Gallery\vendor\core\Router.php | Line: 103
==================
[2022-01-03 13:47:29] Message error: page not found  controller=> action | File: C:\xampp\htdocs\Gallery\vendor\core\Router.php | Line: 103
==================
[2022-01-03 13:47:53] Message error: page not found  controller=> action | File: C:\xampp\htdocs\Gallery\vendor\core\Router.php | Line: 103
==================
[2022-01-03 13:47:55] Message error: page not found  controller=> action | File: C:\xampp\htdocs\Gallery\vendor\core\Router.php | Line: 103
==================
[2022-01-03 13:48:13] Message error: page not found  controller=> action | File: C:\xampp\htdocs\Gallery\vendor\core\Router.php | Line: 103
==================
[2022-01-03 13:48:16] Message error: page not found  controller=> action | File: C:\xampp\htdocs\Gallery\vendor\core\Router.php | Line: 103
==================
[2022-01-03 13:48:34] Message error: page not found  controller=> action | File: C:\xampp\htdocs\Gallery\vendor\core\Router.php | Line: 103
==================
[2022-01-03 13:48:40] Message error: page not found | File: C:\xampp\htdocs\Gallery\vendor\core\Router.php | Line: 110
==================
[2022-01-03 13:48:43] Message error: page not found | File: C:\xampp\htdocs\Gallery\vendor\core\Router.php | Line: 110
==================
[2022-01-03 13:49:10] Message error: page not found | File: C:\xampp\htdocs\Gallery\vendor\core\Router.php | Line: 110
==================
[2022-01-03 13:49:12] Message error: page not found | File: C:\xampp\htdocs\Gallery\vendor\core\Router.php | Line: 110
==================
[2022-01-03 13:49:20] Message error: page not found | File: C:\xampp\htdocs\Gallery\vendor\core\Router.php | Line: 110
==================
[2022-01-03 13:49:22] Message error: page not found | File: C:\xampp\htdocs\Gallery\vendor\core\Router.php | Line: 110
==================
[2022-01-03 13:50:03] Message error: page not found | File: C:\xampp\htdocs\Gallery\vendor\core\Router.php | Line: 110
==================
[2022-01-03 13:50:06] Message error: page not found | File: C:\xampp\htdocs\Gallery\vendor\core\Router.php | Line: 110
==================
[2022-01-03 13:50:36] Message error: page not found | File: C:\xampp\htdocs\Gallery\vendor\core\Router.php | Line: 110
==================
[2022-01-03 13:50:38] Message error: page not found | File: C:\xampp\htdocs\Gallery\vendor\core\Router.php | Line: 110
==================
[2022-01-03 13:51:14] Message error: page not found | File: C:\xampp\htdocs\Gallery\vendor\core\Router.php | Line: 110
==================
[2022-01-03 13:51:16] Message error: page not found | File: C:\xampp\htdocs\Gallery\vendor\core\Router.php | Line: 110
==================
[2022-01-03 13:51:34] Message error: page not found | File: C:\xampp\htdocs\Gallery\vendor\core\Router.php | Line: 110
==================
[2022-01-03 13:51:35] Message error: page not found | File: C:\xampp\htdocs\Gallery\vendor\core\Router.php | Line: 110
==================
[2022-01-03 13:51:37] Message error: page not found | File: C:\xampp\htdocs\Gallery\vendor\core\Router.php | Line: 110
==================
[2022-01-03 13:51:46] Message error: page not found | File: C:\xampp\htdocs\Gallery\vendor\core\Router.php | Line: 110
==================
[2022-01-03 13:51:49] Message error: page not found | File: C:\xampp\htdocs\Gallery\vendor\core\Router.php | Line: 110
==================
[2022-01-03 13:52:30] Message error: page not found | File: C:\xampp\htdocs\Gallery\vendor\core\Router.php | Line: 110
==================
[2022-01-03 13:52:33] Message error: page not found | File: C:\xampp\htdocs\Gallery\vendor\core\Router.php | Line: 110
==================
[2022-01-03 13:53:56] Message error: page not found | File: C:\xampp\htdocs\Gallery\vendor\core\Router.php | Line: 110
==================
[2022-01-03 13:53:58] Message error: page not found | File: C:\xampp\htdocs\Gallery\vendor\core\Router.php | Line: 110
==================
[2022-01-03 13:54:09] Message error: page not found | File: C:\xampp\htdocs\Gallery\vendor\core\Router.php | Line: 110
==================
[2022-01-03 13:54:11] Message error: page not found | File: C:\xampp\htdocs\Gallery\vendor\core\Router.php | Line: 110
==================
[2022-01-03 13:55:42] Message error: page not found | File: C:\xampp\htdocs\Gallery\vendor\core\Router.php | Line: 110
==================
[2022-01-03 13:55:45] Message error: page not found | File: C:\xampp\htdocs\Gallery\vendor\core\Router.php | Line: 110
==================
[2022-01-03 13:56:06] Message error: page not found | File: C:\xampp\htdocs\Gallery\vendor\core\Router.php | Line: 111
==================
[2022-01-03 13:57:41] Message error: page not found | File: C:\xampp\htdocs\Gallery\vendor\core\Router.php | Line: 111
==================
[2022-01-03 13:58:39] Message error: page not found | File: C:\xampp\htdocs\Gallery\vendor\core\Router.php | Line: 111
==================
[2022-01-03 13:59:09] Message error: page not found | File: C:\xampp\htdocs\Gallery\vendor\core\Router.php | Line: 111
==================
[2022-01-03 13:59:10] Message error: page not found | File: C:\xampp\htdocs\Gallery\vendor\core\Router.php | Line: 111
==================
[2022-01-03 13:59:16] Message error: page not found | File: C:\xampp\htdocs\Gallery\vendor\core\Router.php | Line: 111
==================
[2022-01-03 14:00:49] Message error: page not found | File: C:\xampp\htdocs\Gallery\vendor\core\Router.php | Line: 111
==================
[2022-01-03 14:01:15] Message error: page not found | File: C:\xampp\htdocs\Gallery\vendor\core\Router.php | Line: 111
==================
[2022-01-03 14:01:51] Message error: page not found | File: C:\xampp\htdocs\Gallery\vendor\core\Router.php | Line: 111
==================
[2022-01-03 14:02:11] Message error: page not found | File: C:\xampp\htdocs\Gallery\vendor\core\Router.php | Line: 111
==================
[2022-01-03 14:02:37] Message error: page not found | File: C:\xampp\htdocs\Gallery\vendor\core\Router.php | Line: 112
==================
[2022-01-03 14:02:38] Message error: page not found | File: C:\xampp\htdocs\Gallery\vendor\core\Router.php | Line: 112
==================
[2022-01-03 14:02:41] Message error: page not found | File: C:\xampp\htdocs\Gallery\vendor\core\Router.php | Line: 112
==================
[2022-01-03 14:02:49] Message error: page not found | File: C:\xampp\htdocs\Gallery\vendor\core\Router.php | Line: 112
==================
[2022-01-03 14:03:34] Message error: page not found | File: C:\xampp\htdocs\Gallery\vendor\core\Router.php | Line: 112
==================
[2022-01-03 14:05:05] Message error: page not found | File: C:\xampp\htdocs\Gallery\vendor\core\Router.php | Line: 112
==================
[2022-01-03 14:05:21] Message error: page not found | File: C:\xampp\htdocs\Gallery\vendor\core\Router.php | Line: 112
==================
[2022-01-03 14:05:56] Message error: page not found | File: C:\xampp\htdocs\Gallery\vendor\core\Router.php | Line: 112
==================
[2022-01-03 14:06:10] Message error: page not found | File: C:\xampp\htdocs\Gallery\vendor\core\Router.php | Line: 112
==================
[2022-01-03 14:06:13] Message error: page not found | File: C:\xampp\htdocs\Gallery\vendor\core\Router.php | Line: 112
==================
[2022-01-03 14:06:27] Message error: page not found | File: C:\xampp\htdocs\Gallery\vendor\core\Router.php | Line: 112
==================
[2022-01-03 14:06:35] Message error: page not found | File: C:\xampp\htdocs\Gallery\vendor\core\Router.php | Line: 112
==================
[2022-01-03 14:06:38] Message error: page not found | File: C:\xampp\htdocs\Gallery\vendor\core\Router.php | Line: 112
==================
[2022-01-03 14:07:20] Message error: page not found | File: C:\xampp\htdocs\Gallery\vendor\core\Router.php | Line: 112
==================
[2022-01-03 14:07:23] Message error: page not found | File: C:\xampp\htdocs\Gallery\vendor\core\Router.php | Line: 112
==================
[2022-01-03 14:07:37] Message error: page not found | File: C:\xampp\htdocs\Gallery\vendor\core\Router.php | Line: 112
==================
[2022-01-03 14:08:00] Message error: page not found | File: C:\xampp\htdocs\Gallery\vendor\core\Router.php | Line: 112
==================
[2022-01-03 14:08:13] Message error: page not found | File: C:\xampp\htdocs\Gallery\vendor\core\Router.php | Line: 112
==================
[2022-01-03 14:08:23] Message error: page not found | File: C:\xampp\htdocs\Gallery\vendor\core\Router.php | Line: 112
==================
[2022-01-03 14:08:26] Message error: page not found | File: C:\xampp\htdocs\Gallery\vendor\core\Router.php | Line: 112
==================
[2022-01-03 14:08:43] Message error: page not found | File: C:\xampp\htdocs\Gallery\vendor\core\Router.php | Line: 112
==================
[2022-01-03 14:21:59] Message error: Undefined variable: Id | File: C:\xampp\htdocs\Gallery\app\Models\Cabinet.php | Line: 33
==================
[2022-01-03 14:22:19] Message error: Array to string conversion | File: C:\xampp\htdocs\Gallery\app\Models\Cabinet.php | Line: 33
==================
